#Individual      1_21    
#F=0.075, A=0.042
chr     pos  genotype BestIBD
  1   0.000       2,4       0
  1   5.010       1,2       0
  1  10.020       1,3       0
  1  15.030       1,4       0
  1  20.040       2,3       0
  1  25.050       3,5       0
  1  30.060       3,3       0
  1  35.070       2,3       0
  1  40.080       2,4       0
  1  45.090       1,2       0
  1  50.100       1,3       0
  1  55.110       4,4       0
  1  60.120       4,4       0
  1  65.130       2,3       0
  1  70.140       3,4       0
  1  75.150       4,5       0
  1  80.160       2,2       0
  1  85.170       1,3       0
  1  90.180       2,3       0
  1  95.190       2,3       0
  1 100.200       4,4       0
  1 105.210       3,5       0
  1 110.220       1,4       0
  1 115.230       1,2       0
  1 120.240       1,5       0
  1 125.250       4,5       0
  1 130.260       3,4       0
  1 135.270       1,4       0
  1 140.280       2,2       0
  1 145.290       1,5       0
  1 150.300       4,4       0
  1 155.310       1,3       0
  1 160.320       5,5       0
  1 165.330       2,2       0
  1 170.340       1,4       0
  1 175.350       4,5       0
  1 180.360       1,5       0
  1 185.370       4,4       0
  1 190.380       2,4       0
  1 195.390       5,5       0
  1 200.400       3,5       0
  1 205.410       1,4       0
  1 210.420       1,3       0
  1 215.430       2,3       0
  1 220.440       2,3       0
  1 225.450       2,3       0
  1 230.460       2,4       0
  1 235.470       4,4       0
  1 240.480       5,5       0
  1 245.490       3,5       0
  1 250.500       1,4       0
  1 255.510       2,3       0
  1 260.520       2,2       0
  1 265.530       1,4       0
  1 270.540       3,3       0
  1 275.550       1,2       0
  1 280.560       3,4       0
  1 285.570       2,5       0
  1 290.580       2,3       0
  1 295.590       3,4       0
  1 300.600       1,3       0
  2   0.000       2,4       0
  2   5.010       2,3       0
  2  10.020       1,1       0
  2  15.030       2,2       0
  2  20.040       1,2       0
  2  25.050       2,3       0
  2  30.060       2,3       0
  2  35.070       1,1       0
  2  40.080       1,4       0
  2  45.090       1,4       0
  2  50.100       3,5       0
  2  55.110       1,3       0
  2  60.120       1,1       0
  2  65.130       1,4       0
  2  70.140       3,3       0
  2  75.150       1,4       0
  2  80.160       1,4       0
  2  85.170       2,5       0
  2  90.180       2,3       0
  2  95.190       2,3       0
  2 100.200       4,5       0
  2 105.210       1,4       0
  2 110.220       5,5       0
  2 115.230       2,4       0
  2 120.240       2,4       0
  2 125.250       3,5       0
  2 130.260       1,5       0
  2 135.270       3,4       0
  2 140.280       2,2       0
  2 145.290       1,2       0
  2 150.300       5,5       0
  2 155.310       2,5       0
  2 160.320       1,3       0
  2 165.330       4,4       0
  2 170.340       4,5       0
  2 175.350       2,3       0
  2 180.360       2,5       0
  2 185.370       1,3       0
  2 190.380       1,4       0
  2 195.390       1,4       0
  2 200.400       1,3       0
  2 205.410       1,5       0
  2 210.420       3,4       0
  2 215.430       1,5       0
  2 220.440       1,5       0
  2 225.450       1,5       0
  2 230.460       1,1       0
  2 235.470       1,5       0
  2 240.480       2,3       0
  2 245.490       3,4       0
  2 250.500       2,2       0
  2 255.510       1,1       0
  2 260.520       1,4       0
  2 265.530       3,5       0
  2 270.540       2,3       0
  2 275.550       5,5       0
  2 280.560       3,4       0
  2 285.570       2,5       0
  2 290.580       2,5       0
  2 295.590       1,5       0
  2 300.600       1,3       0
  3   0.000       3,5       0
  3   5.010       4,4       0
  3  10.020       1,5       0
  3  15.030       4,4       0
  3  20.040       2,4       0
  3  25.050       1,4       0
  3  30.060       1,1       1
  3  35.070       4,4       1
  3  40.080       5,5       1
  3  45.090       2,2       1
  3  50.100       1,4       0
  3  55.110       1,5       0
  3  60.120       1,3       0
  3  65.130       1,1       0
  3  70.140       1,2       0
  3  75.150       1,4       0
  3  80.160       4,5       0
  3  85.170       3,5       0
  3  90.180       3,5       0
  3  95.190       2,3       0
  3 100.200       1,4       0
  3 105.210       1,4       0
  3 110.220       4,4       0
  3 115.230       2,2       0
  3 120.240       1,5       0
  3 125.250       1,4       0
  3 130.260       1,2       0
  3 135.270       2,4       0
  3 140.280       1,2       0
  3 145.290       1,5       0
  3 150.300       1,5       0
  3 155.310       1,3       0
  3 160.320       1,4       0
  3 165.330       1,2       0
  3 170.340       1,3       0
  3 175.350       2,3       0
  3 180.360       2,4       0
  3 185.370       2,4       0
  3 190.380       2,5       0
  3 195.390       1,4       0
  3 200.400       5,5       0
  4   0.000       3,5       0
  4   5.010       2,4       0
  4  10.020       4,4       0
  4  15.030       1,3       0
  4  20.040       1,3       0
  4  25.050       2,5       0
  4  30.060       5,5       0
  4  35.070       1,4       0
  4  40.080       1,3       0
  4  45.090       1,2       0
  4  50.100       3,5       0
  4  55.110       2,2       0
  4  60.120       2,3       0
  4  65.130       1,2       0
  4  70.140       3,4       0
  4  75.150       5,5       0
  4  80.160       1,5       0
  4  85.170       2,5       0
  4  90.180       5,5       0
  4  95.190       5,5       0
  4 100.200       2,5       0
  4 105.210       3,5       0
  4 110.220       2,5       0
  4 115.230       3,5       0
  4 120.240       1,3       0
  4 125.250       4,5       0
  4 130.260       3,4       0
  4 135.270       1,2       0
  4 140.280       1,5       0
  4 145.290       2,3       0
  4 150.300       1,2       0
  4 155.310       2,4       0
  4 160.320       4,4       0
  4 165.330       1,2       0
  4 170.340       1,5       0
  4 175.350       2,5       0
  4 180.360       5,5       0
  4 185.370       1,5       0
  4 190.380       4,5       0
  4 195.390       1,4       0
  4 200.400       1,3       0
  5   0.000       2,4       0
  5   5.010       1,3       0
  5  10.020       2,4       0
  5  15.030       3,4       0
  5  20.040       1,3       0
  5  25.050       1,2       0
  5  30.060       3,4       0
  5  35.070       3,5       0
  5  40.080       1,3       0
  5  45.090       2,3       0
  5  50.100       1,3       0
  5  55.110       1,3       0
  5  60.120       2,4       0
  5  65.130       2,3       0
  5  70.140       4,5       0
  5  75.150       4,4       0
  5  80.160       2,3       0
  5  85.170       2,4       0
  5  90.180       3,4       0
  5  95.190       2,4       0
  5 100.200       5,5       0
  5 105.210       2,2       0
  5 110.220       2,3       0
  5 115.230       2,4       0
  5 120.240       2,3       0
  5 125.250       2,2       0
  5 130.260       1,5       0
  5 135.270       5,5       0
  5 140.280       4,5       0
  5 145.290       2,4       0
  5 150.300       1,4       0
  5 155.310       3,4       0
  5 160.320       3,5       0
  5 165.330       1,3       0
  5 170.340       1,5       0
  5 175.350       1,5       0
  5 180.360       2,4       0
  5 185.370       3,4       0
  5 190.380       1,5       0
  5 195.390       2,4       0
  5 200.400       2,4       0
  6   0.000       4,5       0
  6   5.010       3,5       0
  6  10.020       2,5       0
  6  15.030       1,1       0
  6  20.040       1,1       0
  6  25.050       4,5       0
  6  30.060       1,3       0
  6  35.070       2,5       0
  6  40.080       1,1       0
  6  45.090       1,3       0
  6  50.100       1,5       0
  6  55.110       4,5       0
  6  60.120       2,2       0
  6  65.130       2,3       0
  6  70.140       1,4       0
  6  75.150       1,5       0
  6  80.160       3,5       0
  6  85.170       1,3       0
  6  90.180       1,5       0
  6  95.190       4,4       0
  6 100.200       2,4       0
  6 105.210       4,5       0
  6 110.220       1,3       0
  6 115.230       4,5       0
  6 120.240       2,4       0
  6 125.250       2,5       0
  6 130.260       2,4       0
  6 135.270       1,1       0
  6 140.280       1,5       0
  6 145.290       2,3       0
  6 150.300       1,2       0
  6 155.310       4,5       0
  6 160.320       3,4       0
  6 165.330       2,5       0
  6 170.340       3,5       0
  6 175.350       1,1       0
  6 180.360       1,5       0
  6 185.370       1,4       0
  6 190.380       1,1       0
  6 195.390       1,4       0
  6 200.400       1,3       0
  7   0.000       3,5       0
  7   5.010       5,5       0
  7  10.020       1,4       0
  7  15.030       1,4       0
  7  20.040       1,4       0
  7  25.050       1,5       0
  7  30.060       2,2       0
  7  35.070       2,4       0
  7  40.080       3,4       0
  7  45.090       4,4       0
  7  50.100       1,5       0
  7  55.110       2,3       0
  7  60.120       1,1       0
  7  65.130       1,4       0
  7  70.140       1,1       0
  7  75.150       2,4       0
  7  80.160       3,4       0
  7  85.170       2,4       0
  7  90.180       4,5       0
  7  95.190       4,5       0
  7 100.200       1,1       0
  7 105.210       5,5       0
  7 110.220       2,3       0
  7 115.230       1,3       0
  7 120.240       1,3       0
  7 125.250       4,4       0
  7 130.260       3,4       0
  7 135.270       1,3       0
  7 140.280       2,3       0
  7 145.290       1,5       0
  7 150.300       1,3       0
  7 155.310       3,5       0
  7 160.320       1,4       0
  7 165.330       2,3       0
  7 170.340       1,3       0
  7 175.350       2,3       0
  7 180.360       5,5       0
  7 185.370       1,2       0
  7 190.380       2,3       0
  7 195.390       1,5       0
  7 200.400       1,4       0
  8   0.000       3,5       0
  8   5.010       2,5       0
  8  10.020       1,3       0
  8  15.030       1,5       0
  8  20.040       1,4       0
  8  25.050       2,2       1
  8  30.060       5,5       1
  8  35.070       4,4       1
  8  40.080       2,2       1
  8  45.090       1,1       1
  8  50.100       3,3       1
  8  55.110       2,2       1
  8  60.120       3,5       0
  8  65.130       3,5       0
  8  70.140       3,5       0
  8  75.150       1,1       1
  8  80.160       5,5       1
  8  85.170       2,2       1
  8  90.180       3,3       1
  8  95.190       1,1       1
  8 100.200       5,5       1
  8 105.210       4,4       1
  8 110.220       4,4       1
  8 115.230       1,1       1
  8 120.240       1,1       1
  8 125.250       4,4       1
  8 130.260       4,4       1
  8 135.270       4,4       1
  8 140.280       2,2       1
  8 145.290       3,3       1
  8 150.300       2,2       1
  9   0.000       1,1       0
  9   5.010       3,5       0
  9  10.020       2,4       0
  9  15.030       1,2       0
  9  20.040       2,2       0
  9  25.050       4,5       0
  9  30.060       1,1       0
  9  35.070       2,3       0
  9  40.080       1,4       0
  9  45.090       5,5       0
  9  50.100       4,4       0
  9  55.110       1,3       0
  9  60.120       3,4       0
  9  65.130       2,4       0
  9  70.140       3,5       0
  9  75.150       1,2       0
  9  80.160       1,5       0
  9  85.170       1,2       0
  9  90.180       1,5       0
  9  95.190       3,3       0
  9 100.200       4,5       0
  9 105.210       1,3       0
  9 110.220       2,2       0
  9 115.230       1,4       0
  9 120.240       3,5       0
  9 125.250       4,5       0
  9 130.260       1,5       0
  9 135.270       3,3       0
  9 140.280       2,4       0
  9 145.290       3,3       0
  9 150.300       1,4       0
 10   0.000       1,2       0
 10   5.010       2,3       0
 10  10.020       4,5       0
 10  15.030       1,3       0
 10  20.040       1,4       0
 10  25.050       4,5       0
 10  30.060       4,5       0
 10  35.070       1,5       0
 10  40.080       4,4       0
 10  45.090       1,5       0
 10  50.100       1,4       0
 10  55.110       2,4       0
 10  60.120       2,4       0
 10  65.130       3,5       0
 10  70.140       2,2       0
 10  75.150       1,5       0
 10  80.160       5,5       0
 10  85.170       3,3       0
 10  90.180       2,4       0
 10  95.190       2,3       0
 10 100.200       1,4       0
 10 105.210       3,5       0
 10 110.220       2,3       0
 10 115.230       2,3       0
 10 120.240       1,3       0
 10 125.250       3,5       0
 10 130.260       1,5       0
 10 135.270       2,4       0
 10 140.280       1,4       0
 10 145.290       1,5       0
 10 150.300       5,5       0
 11   0.000       1,4       0
 11   5.010       2,3       0
 11  10.020       2,2       0
 11  15.030       1,2       0
 11  20.040       1,4       0
 11  25.050       1,2       0
 11  30.060       1,5       0
 11  35.070       4,4       0
 11  40.080       1,3       0
 11  45.090       4,5       0
 11  50.100       3,4       0
 11  55.110       2,5       0
 11  60.120       2,4       0
 11  65.130       2,4       0
 11  70.140       1,2       0
 11  75.150       4,5       0
 11  80.160       3,4       0
 11  85.170       1,5       0
 11  90.180       1,5       0
 11  95.190       1,3       0
 11 100.200       2,3       0
 11 105.210       5,5       0
 11 110.220       1,1       0
 11 115.230       1,5       0
 11 120.240       4,5       0
 11 125.250       1,3       0
 11 130.260       3,5       0
 11 135.270       3,5       0
 11 140.280       2,5       0
 11 145.290       1,5       0
 11 150.300       1,5       0
 12   0.000       1,1       1
 12   5.010       1,1       1
 12  10.020       2,2       1
 12  15.030       5,5       1
 12  20.040       1,1       1
 12  25.050       2,2       1
 12  30.060       2,4       0
 12  35.070       1,3       0
 12  40.080       1,4       0
 12  45.090       3,5       0
 12  50.100       1,3       0
 12  55.110       3,5       0
 12  60.120       2,4       0
 12  65.130       3,4       0
 12  70.140       1,2       0
 12  75.150       3,3       1
 12  80.160       2,2       1
 12  85.170       4,4       1
 12  90.180       4,4       1
 12  95.190       1,1       1
 12 100.200       2,3       0
 12 105.210       2,3       0
 12 110.220       2,3       0
 12 115.230       3,4       0
 12 120.240       1,5       0
 12 125.250       1,2       0
 12 130.260       1,5       0
 12 135.270       3,5       0
 12 140.280       1,5       0
 12 145.290       2,5       0
 12 150.300       1,1       0
 13   0.000       3,4       0
 13   5.010       3,4       0
 13  10.020       3,5       0
 13  15.030       1,4       0
 13  20.040       3,3       0
 13  25.050       2,5       0
 13  30.060       1,4       0
 13  35.070       2,4       0
 13  40.080       3,4       0
 13  45.090       3,5       0
 13  50.100       2,5       0
 13  55.110       1,3       0
 13  60.120       3,5       0
 13  65.130       1,1       0
 13  70.140       1,2       0
 13  75.150       1,2       0
 13  80.160       2,3       0
 13  85.170       1,4       0
 13  90.180       2,3       0
 13  95.190       1,2       0
 13 100.200       3,5       0
 14   0.000       1,1       0
 14   5.010       3,4       0
 14  10.020       1,5       0
 14  15.030       1,3       0
 14  20.040       2,4       0
 14  25.050       3,5       0
 14  30.060       2,2       0
 14  35.070       3,4       0
 14  40.080       4,4       0
 14  45.090       1,4       0
 14  50.100       1,2       0
 14  55.110       2,3       0
 14  60.120       2,3       0
 14  65.130       2,3       0
 14  70.140       5,5       0
 14  75.150       3,4       0
 14  80.160       1,4       0
 14  85.170       1,4       0
 14  90.180       2,5       0
 14  95.190       3,4       0
 14 100.200       3,3       0
 15   0.000       5,5       0
 15   5.010       1,5       0
 15  10.020       3,5       0
 15  15.030       2,4       0
 15  20.040       1,2       0
 15  25.050       1,3       0
 15  30.060       1,1       0
 15  35.070       3,4       0
 15  40.080       3,3       0
 15  45.090       1,3       0
 15  50.100       1,3       0
 15  55.110       2,4       0
 15  60.120       2,4       0
 15  65.130       3,5       0
 15  70.140       1,1       0
 15  75.150       4,5       0
 15  80.160       3,4       0
 15  85.170       3,5       0
 15  90.180       3,3       0
 15  95.190       1,2       0
 15 100.200       4,4       0
 16   0.000       1,1       0
 16   5.010       2,3       0
 16  10.020       2,3       0
 16  15.030       2,5       0
 16  20.040       1,4       0
 16  25.050       1,2       0
 16  30.060       3,3       0
 16  35.070       3,5       0
 16  40.080       2,4       0
 16  45.090       5,5       0
 16  50.100       1,4       0
 16  55.110       2,4       0
 16  60.120       5,5       1
 16  65.130       5,5       1
 16  70.140       1,1       1
 16  75.150       3,3       1
 16  80.160       1,1       1
 16  85.170       1,1       1
 16  90.180       1,5       0
 16  95.190       2,5       0
 16 100.200       4,4       0
 17   0.000       2,2       1
 17   5.010       2,2       1
 17  10.020       1,1       1
 17  15.030       5,5       1
 17  20.040       3,4       0
 17  25.050       3,5       0
 17  30.060       2,3       0
 17  35.070       4,5       0
 17  40.080       1,5       0
 17  45.090       3,5       0
 17  50.100       2,5       0
 17  55.110       1,4       0
 17  60.120       2,3       0
 17  65.130       5,5       0
 17  70.140       3,4       0
 17  75.150       2,4       0
 17  80.160       2,3       0
 17  85.170       2,2       0
 17  90.180       2,2       0
 17  95.190       3,5       0
 17 100.200       1,2       0
 18   0.000       1,3       0
 18   5.010       1,5       0
 18  10.020       2,2       0
 18  15.030       1,4       0
 18  20.040       3,4       0
 18  25.050       1,4       0
 18  30.060       2,3       0
 18  35.070       4,5       0
 18  40.080       1,4       0
 18  45.090       1,5       0
 18  50.100       2,3       0
 18  55.110       2,4       0
 18  60.120       1,2       0
 18  65.130       1,4       0
 18  70.140       3,4       0
 18  75.150       2,4       0
 18  80.160       1,5       0
 18  85.170       2,3       0
 18  90.180       5,5       0
 18  95.190       3,5       0
 18 100.200       1,2       0
 19   0.000       1,1       0
 19   5.010       4,5       0
 19  10.020       2,4       0
 19  15.030       4,5       0
 19  20.040       3,5       0
 19  25.050       2,4       0
 19  30.060       1,4       0
 19  35.070       2,5       0
 19  40.080       3,4       0
 19  45.090       1,3       0
 19  50.100       1,5       0
 19  55.110       2,3       0
 19  60.120       1,3       0
 19  65.130       2,3       0
 19  70.140       3,4       0
 19  75.150       3,5       0
 19  80.160       4,5       0
 19  85.170       1,4       0
 19  90.180       1,2       0
 19  95.190       1,5       0
 19 100.200       1,4       0
 20   0.000       2,4       0
 20   5.010       1,5       0
 20  10.020       4,5       0
 20  15.030       1,1       0
 20  20.040       4,5       0
 20  25.050       2,4       0
 20  30.060       1,3       0
 20  35.070       4,4       0
 20  40.080       1,5       0
 20  45.090       3,5       0
 20  50.100       5,5       0
 20  55.110       1,4       0
 20  60.120       1,4       0
 20  65.130       1,2       0
 20  70.140       2,5       0
 20  75.150       2,3       0
 20  80.160       3,4       0
 20  85.170       1,2       0
 20  90.180       2,3       0
 20  95.190       3,5       0
 20 100.200       3,4       0
 21   0.000       1,5       0
 21   5.010       1,5       0
 21  10.020       5,5       0
 21  15.030       3,4       0
 21  20.040       3,4       0
 21  25.050       3,4       0
 21  30.060       3,5       0
 21  35.070       1,1       0
 21  40.080       2,4       0
 21  45.090       1,4       0
 21  50.100       1,3       0
 22   0.000       1,4       0
 22   5.010       2,4       0
 22  10.020       1,5       0
 22  15.030       2,2       0
 22  20.040       2,4       0
 22  25.050       3,5       0
 22  30.060       3,5       0
 22  35.070       2,4       0
 22  40.080       2,2       0
 22  45.090       4,5       0
 22  50.100       1,2       0
