#Individual      1_21    
#F=0.075, A=0.042
chr     pos     IBD0     IBD1      Sum  genotype     FLOD
  1   0.000 0.999985 0.000015 1.000000       2,4   -3.487
  1   5.010 0.999997 0.000003 1.000000       1,2   -3.777
  1  10.020 0.999997 0.000003 1.000000       1,3   -3.777
  1  15.030 0.999997 0.000003 1.000000       1,4   -3.777
  1  20.040 0.999997 0.000003 1.000000       2,3   -3.776
  1  25.050 0.999976 0.000024 1.000000       3,5   -3.349
  1  30.060 0.974635 0.025365 1.000000       3,3   -0.473
  1  35.070 0.999976 0.000024 1.000000       2,3   -3.349
  1  40.080 0.999997 0.000003 1.000000       2,4   -3.776
  1  45.090 0.999997 0.000003 1.000000       1,2   -3.776
  1  50.100 0.999971 0.000029 1.000000       1,3   -3.288
  1  55.110 0.968477 0.031523 1.000000       4,4   -0.379
  1  60.120 0.968477 0.031523 1.000000       4,4   -0.379
  1  65.130 0.999971 0.000029 1.000000       2,3   -3.288
  1  70.140 0.999997 0.000003 1.000000       3,4   -3.776
  1  75.150 0.999976 0.000024 1.000000       4,5   -3.349
  1  80.160 0.974635 0.025365 1.000000       2,2   -0.473
  1  85.170 0.999976 0.000024 1.000000       1,3   -3.349
  1  90.180 0.999997 0.000003 1.000000       2,3   -3.776
  1  95.190 0.999990 0.000010 1.000000       2,3   -3.581
  1 100.200 0.991398 0.008602 1.000000       4,4   -0.942
  1 105.210 0.999990 0.000010 1.000000       3,5   -3.581
  1 110.220 0.999997 0.000003 1.000000       1,4   -3.777
  1 115.230 0.999997 0.000003 1.000000       1,2   -3.777
  1 120.240 0.999997 0.000003 1.000000       1,5   -3.777
  1 125.250 0.999997 0.000003 1.000000       4,5   -3.777
  1 130.260 0.999997 0.000003 1.000000       3,4   -3.776
  1 135.270 0.999976 0.000024 1.000000       1,4   -3.349
  1 140.280 0.974578 0.025422 1.000000       2,2   -0.472
  1 145.290 0.999910 0.000090 1.000000       1,5   -2.877
  1 150.300 0.991212 0.008788 1.000000       4,4   -0.933
  1 155.310 0.999814 0.000186 1.000000       1,3   -2.586
  1 160.320 0.943880 0.056120 1.000000       5,5   -0.128
  1 165.330 0.925954 0.074046 1.000000       2,2   -0.008
  1 170.340 0.999936 0.000064 1.000000       1,4   -3.006
  1 175.350 0.999997 0.000003 1.000000       4,5   -3.775
  1 180.360 0.999990 0.000010 1.000000       1,5   -3.581
  1 185.370 0.991383 0.008617 1.000000       4,4   -0.942
  1 190.380 0.999970 0.000030 1.000000       2,4   -3.276
  1 195.390 0.993519 0.006481 1.000000       5,5   -1.065
  1 200.400 0.999992 0.000008 1.000000       3,5   -3.622
  1 205.410 0.999997 0.000003 1.000000       1,4   -3.777
  1 210.420 0.999997 0.000003 1.000000       1,3   -3.777
  1 215.430 0.999997 0.000003 1.000000       2,3   -3.777
  1 220.440 0.999997 0.000003 1.000000       2,3   -3.777
  1 225.450 0.999997 0.000003 1.000000       2,3   -3.776
  1 230.460 0.999976 0.000024 1.000000       2,4   -3.343
  1 235.470 0.974071 0.025929 1.000000       4,4   -0.463
  1 240.480 0.976167 0.023833 1.000000       5,5   -0.500
  1 245.490 0.999978 0.000022 1.000000       3,5   -3.366
  1 250.500 0.999997 0.000003 1.000000       1,4   -3.776
  1 255.510 0.999976 0.000024 1.000000       2,3   -3.347
  1 260.520 0.974468 0.025532 1.000000       2,2   -0.470
  1 265.530 0.999784 0.000216 1.000000       1,4   -2.523
  1 270.540 0.974468 0.025532 1.000000       3,3   -0.470
  1 275.550 0.999976 0.000024 1.000000       1,2   -3.347
  1 280.560 0.999997 0.000003 1.000000       3,4   -3.776
  1 285.570 0.999997 0.000003 1.000000       2,5   -3.777
  1 290.580 0.999997 0.000003 1.000000       2,3   -3.777
  1 295.590 0.999997 0.000003 1.000000       3,4   -3.777
  1 300.600 0.999985 0.000015 1.000000       1,3   -3.487
  2   0.000 0.999985 0.000015 1.000000       2,4   -3.474
  2   5.010 0.999837 0.000163 1.000000       2,3   -2.639
  2  10.020 0.808272 0.191728 1.000000       1,1    0.405
  2  15.030 0.808272 0.191728 1.000000       2,2    0.405
  2  20.040 0.999838 0.000162 1.000000       1,2   -2.641
  2  25.050 0.999997 0.000003 1.000000       2,3   -3.772
  2  30.060 0.999976 0.000024 1.000000       2,3   -3.349
  2  35.070 0.974635 0.025365 1.000000       1,1   -0.473
  2  40.080 0.999976 0.000024 1.000000       1,4   -3.349
  2  45.090 0.999997 0.000003 1.000000       1,4   -3.776
  2  50.100 0.999997 0.000003 1.000000       3,5   -3.776
  2  55.110 0.999976 0.000024 1.000000       1,3   -3.347
  2  60.120 0.974468 0.025532 1.000000       1,1   -0.470
  2  65.130 0.999784 0.000216 1.000000       1,4   -2.523
  2  70.140 0.974468 0.025532 1.000000       3,3   -0.470
  2  75.150 0.999976 0.000024 1.000000       1,4   -3.347
  2  80.160 0.999997 0.000003 1.000000       1,4   -3.776
  2  85.170 0.999997 0.000003 1.000000       2,5   -3.777
  2  90.180 0.999997 0.000003 1.000000       2,3   -3.777
  2  95.190 0.999997 0.000003 1.000000       2,3   -3.777
  2 100.200 0.999997 0.000003 1.000000       4,5   -3.777
  2 105.210 0.999992 0.000008 1.000000       1,4   -3.622
  2 110.220 0.993534 0.006466 1.000000       5,5   -1.066
  2 115.230 0.999992 0.000008 1.000000       2,4   -3.622
  2 120.240 0.999997 0.000003 1.000000       2,4   -3.777
  2 125.250 0.999997 0.000003 1.000000       3,5   -3.777
  2 130.260 0.999997 0.000003 1.000000       1,5   -3.776
  2 135.270 0.999976 0.000024 1.000000       3,4   -3.349
  2 140.280 0.974593 0.025407 1.000000       2,2   -0.472
  2 145.290 0.999927 0.000073 1.000000       1,2   -2.959
  2 150.300 0.993490 0.006510 1.000000       5,5   -1.063
  2 155.310 0.999992 0.000008 1.000000       2,5   -3.621
  2 160.320 0.999990 0.000010 1.000000       1,3   -3.581
  2 165.330 0.991398 0.008602 1.000000       4,4   -0.942
  2 170.340 0.999990 0.000010 1.000000       4,5   -3.581
  2 175.350 0.999997 0.000003 1.000000       2,3   -3.777
  2 180.360 0.999997 0.000003 1.000000       2,5   -3.777
  2 185.370 0.999997 0.000003 1.000000       1,3   -3.777
  2 190.380 0.999997 0.000003 1.000000       1,4   -3.777
  2 195.390 0.999997 0.000003 1.000000       1,4   -3.777
  2 200.400 0.999997 0.000003 1.000000       1,3   -3.777
  2 205.410 0.999997 0.000003 1.000000       1,5   -3.777
  2 210.420 0.999997 0.000003 1.000000       3,4   -3.777
  2 215.430 0.999997 0.000003 1.000000       1,5   -3.777
  2 220.440 0.999997 0.000003 1.000000       1,5   -3.776
  2 225.450 0.999976 0.000024 1.000000       1,5   -3.349
  2 230.460 0.974635 0.025365 1.000000       1,1   -0.473
  2 235.470 0.999976 0.000024 1.000000       1,5   -3.349
  2 240.480 0.999997 0.000003 1.000000       2,3   -3.772
  2 245.490 0.999838 0.000162 1.000000       3,4   -2.641
  2 250.500 0.808273 0.191727 1.000000       2,2    0.405
  2 255.510 0.808273 0.191727 1.000000       1,1    0.405
  2 260.520 0.999838 0.000162 1.000000       1,4   -2.641
  2 265.530 0.999997 0.000003 1.000000       3,5   -3.772
  2 270.540 0.999992 0.000008 1.000000       2,3   -3.622
  2 275.550 0.993534 0.006466 1.000000       5,5   -1.066
  2 280.560 0.999992 0.000008 1.000000       3,4   -3.622
  2 285.570 0.999997 0.000003 1.000000       2,5   -3.777
  2 290.580 0.999997 0.000003 1.000000       2,5   -3.777
  2 295.590 0.999997 0.000003 1.000000       1,5   -3.777
  2 300.600 0.999985 0.000015 1.000000       1,3   -3.487
  3   0.000 0.999945 0.000055 1.000000       3,5   -3.066
  3   5.010 0.991346 0.008654 1.000000       4,4   -0.940
  3  10.020 0.999963 0.000037 1.000000       1,5   -3.208
  3  15.030 0.991377 0.008623 1.000000       4,4   -0.941
  3  20.040 0.999989 0.000011 1.000000       2,4   -3.551
  3  25.050 0.999542 0.000458 1.000000       1,4   -2.207
  3  30.060 0.454531 0.545469 1.000000       1,1    0.859
  3  35.070 0.400648 0.599352 1.000000       4,4    0.900
  3  40.080 0.408117 0.591883 1.000000       5,5    0.895
  3  45.090 0.461014 0.538986 1.000000       2,2    0.854
  3  50.100 0.999548 0.000452 1.000000       1,4   -2.213
  3  55.110 0.999997 0.000003 1.000000       1,5   -3.764
  3  60.120 0.999976 0.000024 1.000000       1,3   -3.349
  3  65.130 0.974635 0.025365 1.000000       1,1   -0.473
  3  70.140 0.999976 0.000024 1.000000       1,2   -3.349
  3  75.150 0.999997 0.000003 1.000000       1,4   -3.776
  3  80.160 0.999997 0.000003 1.000000       4,5   -3.777
  3  85.170 0.999997 0.000003 1.000000       3,5   -3.777
  3  90.180 0.999997 0.000003 1.000000       3,5   -3.777
  3  95.190 0.999997 0.000003 1.000000       2,3   -3.777
  3 100.200 0.999997 0.000003 1.000000       1,4   -3.775
  3 105.210 0.999936 0.000064 1.000000       1,4   -3.010
  3 110.220 0.926711 0.073289 1.000000       4,4   -0.012
  3 115.230 0.911055 0.088945 1.000000       2,2    0.072
  3 120.240 0.999923 0.000077 1.000000       1,5   -2.939
  3 125.250 0.999997 0.000003 1.000000       1,4   -3.775
  3 130.260 0.999997 0.000003 1.000000       1,2   -3.777
  3 135.270 0.999997 0.000003 1.000000       2,4   -3.777
  3 140.280 0.999997 0.000003 1.000000       1,2   -3.777
  3 145.290 0.999997 0.000003 1.000000       1,5   -3.777
  3 150.300 0.999997 0.000003 1.000000       1,5   -3.777
  3 155.310 0.999997 0.000003 1.000000       1,3   -3.777
  3 160.320 0.999997 0.000003 1.000000       1,4   -3.777
  3 165.330 0.999997 0.000003 1.000000       1,2   -3.777
  3 170.340 0.999997 0.000003 1.000000       1,3   -3.777
  3 175.350 0.999997 0.000003 1.000000       2,3   -3.777
  3 180.360 0.999997 0.000003 1.000000       2,4   -3.777
  3 185.370 0.999997 0.000003 1.000000       2,4   -3.777
  3 190.380 0.999997 0.000003 1.000000       2,5   -3.776
  3 195.390 0.999968 0.000032 1.000000       1,4   -3.255
  3 200.400 0.964864 0.035136 1.000000       5,5   -0.332
  4   0.000 0.999985 0.000015 1.000000       3,5   -3.486
  4   5.010 0.999990 0.000010 1.000000       2,4   -3.581
  4  10.020 0.991398 0.008602 1.000000       4,4   -0.942
  4  15.030 0.999990 0.000010 1.000000       1,3   -3.581
  4  20.040 0.999997 0.000003 1.000000       1,3   -3.777
  4  25.050 0.999992 0.000008 1.000000       2,5   -3.622
  4  30.060 0.993534 0.006466 1.000000       5,5   -1.066
  4  35.070 0.999992 0.000008 1.000000       1,4   -3.622
  4  40.080 0.999997 0.000003 1.000000       1,3   -3.777
  4  45.090 0.999997 0.000003 1.000000       1,2   -3.776
  4  50.100 0.999976 0.000024 1.000000       3,5   -3.349
  4  55.110 0.974635 0.025365 1.000000       2,2   -0.473
  4  60.120 0.999976 0.000024 1.000000       2,3   -3.349
  4  65.130 0.999997 0.000003 1.000000       1,2   -3.776
  4  70.140 0.999992 0.000008 1.000000       3,4   -3.622
  4  75.150 0.993534 0.006466 1.000000       5,5   -1.066
  4  80.160 0.999992 0.000008 1.000000       1,5   -3.621
  4  85.170 0.999981 0.000019 1.000000       2,5   -3.416
  4  90.180 0.980424 0.019576 1.000000       5,5   -0.586
  4  95.190 0.980424 0.019576 1.000000       5,5   -0.586
  4 100.200 0.999981 0.000019 1.000000       2,5   -3.416
  4 105.210 0.999997 0.000003 1.000000       3,5   -3.776
  4 110.220 0.999997 0.000003 1.000000       2,5   -3.777
  4 115.230 0.999997 0.000003 1.000000       3,5   -3.777
  4 120.240 0.999997 0.000003 1.000000       1,3   -3.777
  4 125.250 0.999997 0.000003 1.000000       4,5   -3.777
  4 130.260 0.999997 0.000003 1.000000       3,4   -3.777
  4 135.270 0.999997 0.000003 1.000000       1,2   -3.777
  4 140.280 0.999997 0.000003 1.000000       1,5   -3.777
  4 145.290 0.999997 0.000003 1.000000       2,3   -3.777
  4 150.300 0.999997 0.000003 1.000000       1,2   -3.777
  4 155.310 0.999990 0.000010 1.000000       2,4   -3.581
  4 160.320 0.991398 0.008602 1.000000       4,4   -0.942
  4 165.330 0.999990 0.000010 1.000000       1,2   -3.581
  4 170.340 0.999997 0.000003 1.000000       1,5   -3.777
  4 175.350 0.999992 0.000008 1.000000       2,5   -3.622
  4 180.360 0.993534 0.006466 1.000000       5,5   -1.066
  4 185.370 0.999992 0.000008 1.000000       1,5   -3.622
  4 190.380 0.999997 0.000003 1.000000       4,5   -3.777
  4 195.390 0.999997 0.000003 1.000000       1,4   -3.777
  4 200.400 0.999985 0.000015 1.000000       1,3   -3.487
  5   0.000 0.999985 0.000015 1.000000       2,4   -3.487
  5   5.010 0.999997 0.000003 1.000000       1,3   -3.777
  5  10.020 0.999997 0.000003 1.000000       2,4   -3.777
  5  15.030 0.999997 0.000003 1.000000       3,4   -3.777
  5  20.040 0.999997 0.000003 1.000000       1,3   -3.777
  5  25.050 0.999997 0.000003 1.000000       1,2   -3.777
  5  30.060 0.999997 0.000003 1.000000       3,4   -3.777
  5  35.070 0.999997 0.000003 1.000000       3,5   -3.777
  5  40.080 0.999997 0.000003 1.000000       1,3   -3.777
  5  45.090 0.999997 0.000003 1.000000       2,3   -3.777
  5  50.100 0.999997 0.000003 1.000000       1,3   -3.777
  5  55.110 0.999997 0.000003 1.000000       1,3   -3.777
  5  60.120 0.999997 0.000003 1.000000       2,4   -3.777
  5  65.130 0.999997 0.000003 1.000000       2,3   -3.777
  5  70.140 0.999990 0.000010 1.000000       4,5   -3.581
  5  75.150 0.991398 0.008602 1.000000       4,4   -0.942
  5  80.160 0.999990 0.000010 1.000000       2,3   -3.581
  5  85.170 0.999997 0.000003 1.000000       2,4   -3.777
  5  90.180 0.999997 0.000003 1.000000       3,4   -3.776
  5  95.190 0.999951 0.000049 1.000000       2,4   -3.105
  5 100.200 0.944002 0.055998 1.000000       5,5   -0.129
  5 105.210 0.926060 0.073940 1.000000       2,2   -0.009
  5 110.220 0.999936 0.000064 1.000000       2,3   -3.007
  5 115.230 0.999997 0.000003 1.000000       2,4   -3.775
  5 120.240 0.999976 0.000024 1.000000       2,3   -3.349
  5 125.250 0.974593 0.025407 1.000000       2,2   -0.472
  5 130.260 0.999927 0.000073 1.000000       1,5   -2.959
  5 135.270 0.993490 0.006510 1.000000       5,5   -1.063
  5 140.280 0.999992 0.000008 1.000000       4,5   -3.622
  5 145.290 0.999997 0.000003 1.000000       2,4   -3.777
  5 150.300 0.999997 0.000003 1.000000       1,4   -3.777
  5 155.310 0.999997 0.000003 1.000000       3,4   -3.777
  5 160.320 0.999997 0.000003 1.000000       3,5   -3.777
  5 165.330 0.999997 0.000003 1.000000       1,3   -3.777
  5 170.340 0.999997 0.000003 1.000000       1,5   -3.777
  5 175.350 0.999997 0.000003 1.000000       1,5   -3.777
  5 180.360 0.999997 0.000003 1.000000       2,4   -3.777
  5 185.370 0.999997 0.000003 1.000000       3,4   -3.777
  5 190.380 0.999997 0.000003 1.000000       1,5   -3.777
  5 195.390 0.999997 0.000003 1.000000       2,4   -3.777
  5 200.400 0.999985 0.000015 1.000000       2,4   -3.487
  6   0.000 0.999985 0.000015 1.000000       4,5   -3.487
  6   5.010 0.999997 0.000003 1.000000       3,5   -3.772
  6  10.020 0.999838 0.000162 1.000000       2,5   -2.641
  6  15.030 0.808273 0.191727 1.000000       1,1    0.405
  6  20.040 0.808273 0.191727 1.000000       1,1    0.405
  6  25.050 0.999838 0.000162 1.000000       4,5   -2.641
  6  30.060 0.999997 0.000003 1.000000       1,3   -3.772
  6  35.070 0.999976 0.000024 1.000000       2,5   -3.349
  6  40.080 0.974635 0.025365 1.000000       1,1   -0.473
  6  45.090 0.999976 0.000024 1.000000       1,3   -3.349
  6  50.100 0.999997 0.000003 1.000000       1,5   -3.776
  6  55.110 0.999976 0.000024 1.000000       4,5   -3.349
  6  60.120 0.974635 0.025365 1.000000       2,2   -0.473
  6  65.130 0.999976 0.000024 1.000000       2,3   -3.349
  6  70.140 0.999997 0.000003 1.000000       1,4   -3.776
  6  75.150 0.999997 0.000003 1.000000       1,5   -3.777
  6  80.160 0.999997 0.000003 1.000000       3,5   -3.777
  6  85.170 0.999997 0.000003 1.000000       1,3   -3.777
  6  90.180 0.999990 0.000010 1.000000       1,5   -3.581
  6  95.190 0.991398 0.008602 1.000000       4,4   -0.942
  6 100.200 0.999990 0.000010 1.000000       2,4   -3.581
  6 105.210 0.999997 0.000003 1.000000       4,5   -3.777
  6 110.220 0.999997 0.000003 1.000000       1,3   -3.777
  6 115.230 0.999997 0.000003 1.000000       4,5   -3.777
  6 120.240 0.999997 0.000003 1.000000       2,4   -3.777
  6 125.250 0.999997 0.000003 1.000000       2,5   -3.776
  6 130.260 0.999976 0.000024 1.000000       2,4   -3.349
  6 135.270 0.974635 0.025365 1.000000       1,1   -0.473
  6 140.280 0.999976 0.000024 1.000000       1,5   -3.349
  6 145.290 0.999997 0.000003 1.000000       2,3   -3.776
  6 150.300 0.999997 0.000003 1.000000       1,2   -3.777
  6 155.310 0.999997 0.000003 1.000000       4,5   -3.777
  6 160.320 0.999997 0.000003 1.000000       3,4   -3.777
  6 165.330 0.999997 0.000003 1.000000       2,5   -3.776
  6 170.340 0.999976 0.000024 1.000000       3,5   -3.349
  6 175.350 0.974635 0.025365 1.000000       1,1   -0.473
  6 180.360 0.999976 0.000024 1.000000       1,5   -3.347
  6 185.370 0.999976 0.000024 1.000000       1,4   -3.347
  6 190.380 0.974635 0.025365 1.000000       1,1   -0.473
  6 195.390 0.999976 0.000024 1.000000       1,4   -3.348
  6 200.400 0.999985 0.000015 1.000000       1,3   -3.485
  7   0.000 0.999955 0.000045 1.000000       3,5   -3.139
  7   5.010 0.993509 0.006491 1.000000       5,5   -1.064
  7  10.020 0.999992 0.000008 1.000000       1,4   -3.622
  7  15.030 0.999997 0.000003 1.000000       1,4   -3.777
  7  20.040 0.999997 0.000003 1.000000       1,4   -3.776
  7  25.050 0.999976 0.000024 1.000000       1,5   -3.349
  7  30.060 0.974635 0.025365 1.000000       2,2   -0.473
  7  35.070 0.999976 0.000024 1.000000       2,4   -3.349
  7  40.080 0.999990 0.000010 1.000000       3,4   -3.580
  7  45.090 0.991398 0.008602 1.000000       4,4   -0.942
  7  50.100 0.999990 0.000010 1.000000       1,5   -3.580
  7  55.110 0.999976 0.000024 1.000000       2,3   -3.347
  7  60.120 0.974468 0.025532 1.000000       1,1   -0.470
  7  65.130 0.999784 0.000216 1.000000       1,4   -2.523
  7  70.140 0.974468 0.025532 1.000000       1,1   -0.470
  7  75.150 0.999976 0.000024 1.000000       2,4   -3.347
  7  80.160 0.999997 0.000003 1.000000       3,4   -3.776
  7  85.170 0.999997 0.000003 1.000000       2,4   -3.777
  7  90.180 0.999997 0.000003 1.000000       4,5   -3.775
  7  95.190 0.999936 0.000064 1.000000       4,5   -3.007
  7 100.200 0.926060 0.073940 1.000000       1,1   -0.009
  7 105.210 0.944002 0.055998 1.000000       5,5   -0.129
  7 110.220 0.999951 0.000049 1.000000       2,3   -3.105
  7 115.230 0.999997 0.000003 1.000000       1,3   -3.775
  7 120.240 0.999990 0.000010 1.000000       1,3   -3.581
  7 125.250 0.991398 0.008602 1.000000       4,4   -0.942
  7 130.260 0.999990 0.000010 1.000000       3,4   -3.581
  7 135.270 0.999997 0.000003 1.000000       1,3   -3.777
  7 140.280 0.999997 0.000003 1.000000       2,3   -3.777
  7 145.290 0.999997 0.000003 1.000000       1,5   -3.777
  7 150.300 0.999997 0.000003 1.000000       1,3   -3.777
  7 155.310 0.999997 0.000003 1.000000       3,5   -3.777
  7 160.320 0.999997 0.000003 1.000000       1,4   -3.777
  7 165.330 0.999997 0.000003 1.000000       2,3   -3.777
  7 170.340 0.999997 0.000003 1.000000       1,3   -3.777
  7 175.350 0.999992 0.000008 1.000000       2,3   -3.622
  7 180.360 0.993534 0.006466 1.000000       5,5   -1.066
  7 185.370 0.999992 0.000008 1.000000       1,2   -3.622
  7 190.380 0.999997 0.000003 1.000000       2,3   -3.777
  7 195.390 0.999997 0.000003 1.000000       1,5   -3.777
  7 200.400 0.999985 0.000015 1.000000       1,4   -3.487
  8   0.000 0.999985 0.000015 1.000000       3,5   -3.487
  8   5.010 0.999997 0.000003 1.000000       2,5   -3.777
  8  10.020 0.999997 0.000003 1.000000       1,3   -3.777
  8  15.030 0.999997 0.000003 1.000000       1,5   -3.757
  8  20.040 0.999303 0.000697 1.000000       1,4   -2.028
  8  25.050 0.167283 0.832717 1.000000       2,2    1.043
  8  30.060 0.069645 0.930355 1.000000       5,5    1.091
  8  35.070 0.022119 0.977881 1.000000       4,4    1.113
  8  40.080 0.004169 0.995831 1.000000       2,2    1.121
  8  45.090 0.003497 0.996503 1.000000       1,1    1.121
  8  50.100 0.015737 0.984263 1.000000       3,3    1.116
  8  55.110 0.120501 0.879499 1.000000       2,2    1.067
  8  60.120 0.999264 0.000736 1.000000       3,5   -2.005
  8  65.130 0.999996 0.000004 1.000000       3,5   -3.733
  8  70.140 0.999294 0.000706 1.000000       3,5   -2.022
  8  75.150 0.155691 0.844309 1.000000       1,1    1.049
  8  80.160 0.056287 0.943713 1.000000       5,5    1.097
  8  85.170 0.007181 0.992819 1.000000       2,2    1.119
  8  90.180 0.001350 0.998650 1.000000       3,3    1.122
  8  95.190 0.000868 0.999132 1.000000       1,1    1.122
  8 100.200 0.002595 0.997405 1.000000       5,5    1.121
  8 105.210 0.002438 0.997562 1.000000       4,4    1.121
  8 110.220 0.001979 0.998021 1.000000       4,4    1.122
  8 115.230 0.000685 0.999315 1.000000       1,1    1.122
  8 120.240 0.000680 0.999320 1.000000       1,1    1.122
  8 125.250 0.001927 0.998073 1.000000       4,4    1.122
  8 130.260 0.002259 0.997741 1.000000       4,4    1.122
  8 135.270 0.002059 0.997941 1.000000       4,4    1.122
  8 140.280 0.001097 0.998903 1.000000       2,2    1.122
  8 145.290 0.003386 0.996614 1.000000       3,3    1.121
  8 150.300 0.023817 0.976183 1.000000       2,2    1.112
  9   0.000 0.872890 0.127110 1.000000       1,1    0.227
  9   5.010 0.999891 0.000109 1.000000       3,5   -2.804
  9  10.020 0.999997 0.000003 1.000000       2,4   -3.773
  9  15.030 0.999976 0.000024 1.000000       1,2   -3.347
  9  20.040 0.974468 0.025532 1.000000       2,2   -0.470
  9  25.050 0.999784 0.000216 1.000000       4,5   -2.523
  9  30.060 0.974468 0.025532 1.000000       1,1   -0.470
  9  35.070 0.999976 0.000024 1.000000       2,3   -3.346
  9  40.080 0.999977 0.000023 1.000000       1,4   -3.364
  9  45.090 0.976167 0.023833 1.000000       5,5   -0.500
  9  50.100 0.974070 0.025930 1.000000       4,4   -0.463
  9  55.110 0.999976 0.000024 1.000000       1,3   -3.343
  9  60.120 0.999997 0.000003 1.000000       3,4   -3.776
  9  65.130 0.999997 0.000003 1.000000       2,4   -3.777
  9  70.140 0.999997 0.000003 1.000000       3,5   -3.777
  9  75.150 0.999997 0.000003 1.000000       1,2   -3.777
  9  80.160 0.999997 0.000003 1.000000       1,5   -3.777
  9  85.170 0.999997 0.000003 1.000000       1,2   -3.776
  9  90.180 0.999976 0.000024 1.000000       1,5   -3.349
  9  95.190 0.974635 0.025365 1.000000       3,3   -0.473
  9 100.200 0.999976 0.000024 1.000000       4,5   -3.347
  9 105.210 0.999976 0.000024 1.000000       1,3   -3.347
  9 110.220 0.974635 0.025365 1.000000       2,2   -0.473
  9 115.230 0.999976 0.000024 1.000000       1,4   -3.349
  9 120.240 0.999997 0.000003 1.000000       3,5   -3.776
  9 125.250 0.999997 0.000003 1.000000       4,5   -3.776
  9 130.260 0.999976 0.000024 1.000000       1,5   -3.347
  9 135.270 0.974467 0.025533 1.000000       3,3   -0.470
  9 140.280 0.999783 0.000217 1.000000       2,4   -2.521
  9 145.290 0.974373 0.025627 1.000000       3,3   -0.469
  9 150.300 0.999866 0.000134 1.000000       1,4   -2.720
 10   0.000 0.999985 0.000015 1.000000       1,2   -3.487
 10   5.010 0.999997 0.000003 1.000000       2,3   -3.777
 10  10.020 0.999997 0.000003 1.000000       4,5   -3.777
 10  15.030 0.999997 0.000003 1.000000       1,3   -3.777
 10  20.040 0.999997 0.000003 1.000000       1,4   -3.777
 10  25.050 0.999997 0.000003 1.000000       4,5   -3.777
 10  30.060 0.999997 0.000003 1.000000       4,5   -3.777
 10  35.070 0.999990 0.000010 1.000000       1,5   -3.581
 10  40.080 0.991398 0.008602 1.000000       4,4   -0.942
 10  45.090 0.999990 0.000010 1.000000       1,5   -3.581
 10  50.100 0.999997 0.000003 1.000000       1,4   -3.777
 10  55.110 0.999997 0.000003 1.000000       2,4   -3.777
 10  60.120 0.999997 0.000003 1.000000       2,4   -3.776
 10  65.130 0.999976 0.000024 1.000000       3,5   -3.345
 10  70.140 0.974266 0.025734 1.000000       2,2   -0.467
 10  75.150 0.999551 0.000449 1.000000       1,5   -2.216
 10  80.160 0.943645 0.056355 1.000000       5,5   -0.126
 10  85.170 0.925750 0.074250 1.000000       3,3   -0.007
 10  90.180 0.999936 0.000064 1.000000       2,4   -3.005
 10  95.190 0.999997 0.000003 1.000000       2,3   -3.775
 10 100.200 0.999997 0.000003 1.000000       1,4   -3.777
 10 105.210 0.999997 0.000003 1.000000       3,5   -3.777
 10 110.220 0.999997 0.000003 1.000000       2,3   -3.777
 10 115.230 0.999997 0.000003 1.000000       2,3   -3.777
 10 120.240 0.999997 0.000003 1.000000       1,3   -3.777
 10 125.250 0.999997 0.000003 1.000000       3,5   -3.777
 10 130.260 0.999997 0.000003 1.000000       1,5   -3.777
 10 135.270 0.999997 0.000003 1.000000       2,4   -3.777
 10 140.280 0.999997 0.000003 1.000000       1,4   -3.776
 10 145.290 0.999968 0.000032 1.000000       1,5   -3.255
 10 150.300 0.964864 0.035136 1.000000       5,5   -0.332
 11   0.000 0.999985 0.000015 1.000000       1,4   -3.485
 11   5.010 0.999976 0.000024 1.000000       2,3   -3.348
 11  10.020 0.974635 0.025365 1.000000       2,2   -0.473
 11  15.030 0.999976 0.000024 1.000000       1,2   -3.349
 11  20.040 0.999997 0.000003 1.000000       1,4   -3.776
 11  25.050 0.999997 0.000003 1.000000       1,2   -3.777
 11  30.060 0.999990 0.000010 1.000000       1,5   -3.581
 11  35.070 0.991398 0.008602 1.000000       4,4   -0.942
 11  40.080 0.999990 0.000010 1.000000       1,3   -3.581
 11  45.090 0.999997 0.000003 1.000000       4,5   -3.777
 11  50.100 0.999997 0.000003 1.000000       3,4   -3.777
 11  55.110 0.999997 0.000003 1.000000       2,5   -3.777
 11  60.120 0.999997 0.000003 1.000000       2,4   -3.777
 11  65.130 0.999997 0.000003 1.000000       2,4   -3.777
 11  70.140 0.999997 0.000003 1.000000       1,2   -3.777
 11  75.150 0.999997 0.000003 1.000000       4,5   -3.777
 11  80.160 0.999997 0.000003 1.000000       3,4   -3.777
 11  85.170 0.999997 0.000003 1.000000       1,5   -3.777
 11  90.180 0.999997 0.000003 1.000000       1,5   -3.777
 11  95.190 0.999997 0.000003 1.000000       1,3   -3.776
 11 100.200 0.999951 0.000049 1.000000       2,3   -3.105
 11 105.210 0.944002 0.055998 1.000000       5,5   -0.129
 11 110.220 0.926060 0.073940 1.000000       1,1   -0.009
 11 115.230 0.999936 0.000064 1.000000       1,5   -3.007
 11 120.240 0.999997 0.000003 1.000000       4,5   -3.775
 11 125.250 0.999997 0.000003 1.000000       1,3   -3.777
 11 130.260 0.999997 0.000003 1.000000       3,5   -3.777
 11 135.270 0.999997 0.000003 1.000000       3,5   -3.777
 11 140.280 0.999997 0.000003 1.000000       2,5   -3.777
 11 145.290 0.999997 0.000003 1.000000       1,5   -3.777
 11 150.300 0.999985 0.000015 1.000000       1,5   -3.487
 12   0.000 0.024367 0.975633 1.000000       1,1    1.112
 12   5.010 0.004032 0.995968 1.000000       1,1    1.121
 12  10.020 0.002450 0.997550 1.000000       2,2    1.121
 12  15.030 0.009339 0.990661 1.000000       5,5    1.118
 12  20.040 0.020383 0.979617 1.000000       1,1    1.114
 12  25.050 0.124533 0.875467 1.000000       2,2    1.065
 12  30.060 0.999268 0.000732 1.000000       2,4   -2.007
 12  35.070 0.999997 0.000003 1.000000       1,3   -3.756
 12  40.080 0.999997 0.000003 1.000000       1,4   -3.777
 12  45.090 0.999997 0.000003 1.000000       3,5   -3.777
 12  50.100 0.999997 0.000003 1.000000       1,3   -3.777
 12  55.110 0.999997 0.000003 1.000000       3,5   -3.777
 12  60.120 0.999997 0.000003 1.000000       2,4   -3.777
 12  65.130 0.999997 0.000003 1.000000       3,4   -3.757
 12  70.140 0.999303 0.000697 1.000000       1,2   -2.028
 12  75.150 0.166609 0.833391 1.000000       3,3    1.043
 12  80.160 0.068868 0.931132 1.000000       2,2    1.092
 12  85.170 0.070291 0.929709 1.000000       4,4    1.091
 12  90.180 0.100357 0.899643 1.000000       4,4    1.077
 12  95.190 0.193935 0.806065 1.000000       1,1    1.029
 12 100.200 0.999326 0.000674 1.000000       2,3   -2.042
 12 105.210 0.999997 0.000003 1.000000       2,3   -3.758
 12 110.220 0.999997 0.000003 1.000000       2,3   -3.777
 12 115.230 0.999997 0.000003 1.000000       3,4   -3.777
 12 120.240 0.999997 0.000003 1.000000       1,5   -3.777
 12 125.250 0.999997 0.000003 1.000000       1,2   -3.777
 12 130.260 0.999997 0.000003 1.000000       1,5   -3.777
 12 135.270 0.999997 0.000003 1.000000       3,5   -3.777
 12 140.280 0.999997 0.000003 1.000000       1,5   -3.774
 12 145.290 0.999891 0.000109 1.000000       2,5   -2.804
 12 150.300 0.872890 0.127110 1.000000       1,1    0.227
 13   0.000 0.999985 0.000015 1.000000       3,4   -3.487
 13   5.010 0.999997 0.000003 1.000000       3,4   -3.777
 13  10.020 0.999997 0.000003 1.000000       3,5   -3.776
 13  15.030 0.999976 0.000024 1.000000       1,4   -3.349
 13  20.040 0.974635 0.025365 1.000000       3,3   -0.473
 13  25.050 0.999976 0.000024 1.000000       2,5   -3.349
 13  30.060 0.999997 0.000003 1.000000       1,4   -3.776
 13  35.070 0.999997 0.000003 1.000000       2,4   -3.777
 13  40.080 0.999997 0.000003 1.000000       3,4   -3.777
 13  45.090 0.999997 0.000003 1.000000       3,5   -3.777
 13  50.100 0.999997 0.000003 1.000000       2,5   -3.777
 13  55.110 0.999997 0.000003 1.000000       1,3   -3.776
 13  60.120 0.999976 0.000024 1.000000       3,5   -3.349
 13  65.130 0.974635 0.025365 1.000000       1,1   -0.473
 13  70.140 0.999976 0.000024 1.000000       1,2   -3.349
 13  75.150 0.999997 0.000003 1.000000       1,2   -3.776
 13  80.160 0.999997 0.000003 1.000000       2,3   -3.777
 13  85.170 0.999997 0.000003 1.000000       1,4   -3.777
 13  90.180 0.999997 0.000003 1.000000       2,3   -3.777
 13  95.190 0.999997 0.000003 1.000000       1,2   -3.777
 13 100.200 0.999985 0.000015 1.000000       3,5   -3.487
 14   0.000 0.872890 0.127110 1.000000       1,1    0.227
 14   5.010 0.999891 0.000109 1.000000       3,4   -2.804
 14  10.020 0.999997 0.000003 1.000000       1,5   -3.774
 14  15.030 0.999997 0.000003 1.000000       1,3   -3.777
 14  20.040 0.999997 0.000003 1.000000       2,4   -3.776
 14  25.050 0.999976 0.000024 1.000000       3,5   -3.349
 14  30.060 0.974578 0.025422 1.000000       2,2   -0.472
 14  35.070 0.999911 0.000089 1.000000       3,4   -2.882
 14  40.080 0.991340 0.008660 1.000000       4,4   -0.939
 14  45.090 0.999990 0.000010 1.000000       1,4   -3.580
 14  50.100 0.999997 0.000003 1.000000       1,2   -3.777
 14  55.110 0.999997 0.000003 1.000000       2,3   -3.777
 14  60.120 0.999997 0.000003 1.000000       2,3   -3.777
 14  65.130 0.999992 0.000008 1.000000       2,3   -3.622
 14  70.140 0.993534 0.006466 1.000000       5,5   -1.066
 14  75.150 0.999992 0.000008 1.000000       3,4   -3.622
 14  80.160 0.999997 0.000003 1.000000       1,4   -3.777
 14  85.170 0.999997 0.000003 1.000000       1,4   -3.777
 14  90.180 0.999997 0.000003 1.000000       2,5   -3.774
 14  95.190 0.999891 0.000109 1.000000       3,4   -2.804
 14 100.200 0.872890 0.127110 1.000000       3,3    0.227
 15   0.000 0.964864 0.035136 1.000000       5,5   -0.332
 15   5.010 0.999968 0.000032 1.000000       1,5   -3.255
 15  10.020 0.999997 0.000003 1.000000       3,5   -3.776
 15  15.030 0.999997 0.000003 1.000000       2,4   -3.777
 15  20.040 0.999997 0.000003 1.000000       1,2   -3.776
 15  25.050 0.999976 0.000024 1.000000       1,3   -3.347
 15  30.060 0.974468 0.025532 1.000000       1,1   -0.470
 15  35.070 0.999784 0.000216 1.000000       3,4   -2.523
 15  40.080 0.974468 0.025532 1.000000       3,3   -0.470
 15  45.090 0.999976 0.000024 1.000000       1,3   -3.347
 15  50.100 0.999997 0.000003 1.000000       1,3   -3.776
 15  55.110 0.999997 0.000003 1.000000       2,4   -3.777
 15  60.120 0.999997 0.000003 1.000000       2,4   -3.776
 15  65.130 0.999976 0.000024 1.000000       3,5   -3.349
 15  70.140 0.974635 0.025365 1.000000       1,1   -0.473
 15  75.150 0.999976 0.000024 1.000000       4,5   -3.349
 15  80.160 0.999997 0.000003 1.000000       3,4   -3.776
 15  85.170 0.999976 0.000024 1.000000       3,5   -3.346
 15  90.180 0.974330 0.025670 1.000000       3,3   -0.468
 15  95.190 0.999625 0.000375 1.000000       1,2   -2.292
 15 100.200 0.953400 0.046600 1.000000       4,4   -0.209
 16   0.000 0.872890 0.127110 1.000000       1,1    0.227
 16   5.010 0.999891 0.000109 1.000000       2,3   -2.804
 16  10.020 0.999997 0.000003 1.000000       2,3   -3.774
 16  15.030 0.999997 0.000003 1.000000       2,5   -3.777
 16  20.040 0.999997 0.000003 1.000000       1,4   -3.776
 16  25.050 0.999976 0.000024 1.000000       1,2   -3.349
 16  30.060 0.974635 0.025365 1.000000       3,3   -0.473
 16  35.070 0.999976 0.000024 1.000000       3,5   -3.349
 16  40.080 0.999992 0.000008 1.000000       2,4   -3.621
 16  45.090 0.993533 0.006467 1.000000       5,5   -1.066
 16  50.100 0.999991 0.000009 1.000000       1,4   -3.594
 16  55.110 0.999520 0.000480 1.000000       2,4   -2.188
 16  60.120 0.428614 0.571386 1.000000       5,5    0.879
 16  65.130 0.156783 0.843217 1.000000       5,5    1.048
 16  70.140 0.025892 0.974108 1.000000       1,1    1.111
 16  75.150 0.011743 0.988257 1.000000       3,3    1.117
 16  80.160 0.022295 0.977705 1.000000       1,1    1.113
 16  85.170 0.126192 0.873808 1.000000       1,1    1.064
 16  90.180 0.999260 0.000740 1.000000       1,5   -2.002
 16  95.190 0.999949 0.000051 1.000000       2,5   -3.094
 16 100.200 0.953690 0.046310 1.000000       4,4   -0.212
 17   0.000 0.051647 0.948353 1.000000       2,2    1.100
 17   5.010 0.036049 0.963951 1.000000       2,2    1.107
 17  10.020 0.069562 0.930438 1.000000       1,1    1.091
 17  15.030 0.370179 0.629821 1.000000       5,5    0.922
 17  20.040 0.999473 0.000527 1.000000       3,4   -2.147
 17  25.050 0.999997 0.000003 1.000000       3,5   -3.762
 17  30.060 0.999997 0.000003 1.000000       2,3   -3.777
 17  35.070 0.999997 0.000003 1.000000       4,5   -3.777
 17  40.080 0.999997 0.000003 1.000000       1,5   -3.777
 17  45.090 0.999997 0.000003 1.000000       3,5   -3.777
 17  50.100 0.999997 0.000003 1.000000       2,5   -3.777
 17  55.110 0.999997 0.000003 1.000000       1,4   -3.777
 17  60.120 0.999992 0.000008 1.000000       2,3   -3.622
 17  65.130 0.993534 0.006466 1.000000       5,5   -1.066
 17  70.140 0.999992 0.000008 1.000000       3,4   -3.622
 17  75.150 0.999997 0.000003 1.000000       2,4   -3.772
 17  80.160 0.999838 0.000162 1.000000       2,3   -2.641
 17  85.170 0.808272 0.191728 1.000000       2,2    0.405
 17  90.180 0.808272 0.191728 1.000000       2,2    0.405
 17  95.190 0.999837 0.000163 1.000000       3,5   -2.639
 17 100.200 0.999985 0.000015 1.000000       1,2   -3.474
 18   0.000 0.999985 0.000015 1.000000       1,3   -3.485
 18   5.010 0.999976 0.000024 1.000000       1,5   -3.348
 18  10.020 0.974635 0.025365 1.000000       2,2   -0.473
 18  15.030 0.999976 0.000024 1.000000       1,4   -3.349
 18  20.040 0.999997 0.000003 1.000000       3,4   -3.776
 18  25.050 0.999997 0.000003 1.000000       1,4   -3.777
 18  30.060 0.999997 0.000003 1.000000       2,3   -3.777
 18  35.070 0.999997 0.000003 1.000000       4,5   -3.777
 18  40.080 0.999997 0.000003 1.000000       1,4   -3.777
 18  45.090 0.999997 0.000003 1.000000       1,5   -3.777
 18  50.100 0.999997 0.000003 1.000000       2,3   -3.777
 18  55.110 0.999997 0.000003 1.000000       2,4   -3.777
 18  60.120 0.999997 0.000003 1.000000       1,2   -3.777
 18  65.130 0.999997 0.000003 1.000000       1,4   -3.777
 18  70.140 0.999997 0.000003 1.000000       3,4   -3.777
 18  75.150 0.999997 0.000003 1.000000       2,4   -3.777
 18  80.160 0.999997 0.000003 1.000000       1,5   -3.777
 18  85.170 0.999992 0.000008 1.000000       2,3   -3.622
 18  90.180 0.993534 0.006466 1.000000       5,5   -1.066
 18  95.190 0.999992 0.000008 1.000000       3,5   -3.622
 18 100.200 0.999985 0.000015 1.000000       1,2   -3.487
 19   0.000 0.872890 0.127110 1.000000       1,1    0.227
 19   5.010 0.999891 0.000109 1.000000       4,5   -2.804
 19  10.020 0.999997 0.000003 1.000000       2,4   -3.774
 19  15.030 0.999997 0.000003 1.000000       4,5   -3.777
 19  20.040 0.999997 0.000003 1.000000       3,5   -3.777
 19  25.050 0.999997 0.000003 1.000000       2,4   -3.777
 19  30.060 0.999997 0.000003 1.000000       1,4   -3.777
 19  35.070 0.999997 0.000003 1.000000       2,5   -3.777
 19  40.080 0.999997 0.000003 1.000000       3,4   -3.777
 19  45.090 0.999997 0.000003 1.000000       1,3   -3.777
 19  50.100 0.999997 0.000003 1.000000       1,5   -3.777
 19  55.110 0.999997 0.000003 1.000000       2,3   -3.777
 19  60.120 0.999997 0.000003 1.000000       1,3   -3.777
 19  65.130 0.999997 0.000003 1.000000       2,3   -3.777
 19  70.140 0.999997 0.000003 1.000000       3,4   -3.777
 19  75.150 0.999997 0.000003 1.000000       3,5   -3.777
 19  80.160 0.999997 0.000003 1.000000       4,5   -3.777
 19  85.170 0.999997 0.000003 1.000000       1,4   -3.777
 19  90.180 0.999997 0.000003 1.000000       1,2   -3.777
 19  95.190 0.999997 0.000003 1.000000       1,5   -3.777
 19 100.200 0.999985 0.000015 1.000000       1,4   -3.487
 20   0.000 0.999985 0.000015 1.000000       2,4   -3.487
 20   5.010 0.999997 0.000003 1.000000       1,5   -3.776
 20  10.020 0.999976 0.000024 1.000000       4,5   -3.349
 20  15.030 0.974635 0.025365 1.000000       1,1   -0.473
 20  20.040 0.999976 0.000024 1.000000       4,5   -3.349
 20  25.050 0.999997 0.000003 1.000000       2,4   -3.776
 20  30.060 0.999990 0.000010 1.000000       1,3   -3.581
 20  35.070 0.991398 0.008602 1.000000       4,4   -0.942
 20  40.080 0.999990 0.000010 1.000000       1,5   -3.581
 20  45.090 0.999992 0.000008 1.000000       3,5   -3.622
 20  50.100 0.993534 0.006466 1.000000       5,5   -1.066
 20  55.110 0.999992 0.000008 1.000000       1,4   -3.622
 20  60.120 0.999997 0.000003 1.000000       1,4   -3.777
 20  65.130 0.999997 0.000003 1.000000       1,2   -3.777
 20  70.140 0.999997 0.000003 1.000000       2,5   -3.777
 20  75.150 0.999997 0.000003 1.000000       2,3   -3.777
 20  80.160 0.999997 0.000003 1.000000       3,4   -3.777
 20  85.170 0.999997 0.000003 1.000000       1,2   -3.777
 20  90.180 0.999997 0.000003 1.000000       2,3   -3.777
 20  95.190 0.999997 0.000003 1.000000       3,5   -3.777
 20 100.200 0.999985 0.000015 1.000000       3,4   -3.487
 21   0.000 0.999985 0.000015 1.000000       1,5   -3.487
 21   5.010 0.999992 0.000008 1.000000       1,5   -3.622
 21  10.020 0.993534 0.006466 1.000000       5,5   -1.066
 21  15.030 0.999992 0.000008 1.000000       3,4   -3.622
 21  20.040 0.999997 0.000003 1.000000       3,4   -3.777
 21  25.050 0.999997 0.000003 1.000000       3,4   -3.776
 21  30.060 0.999976 0.000024 1.000000       3,5   -3.349
 21  35.070 0.974635 0.025365 1.000000       1,1   -0.473
 21  40.080 0.999976 0.000024 1.000000       2,4   -3.349
 21  45.090 0.999997 0.000003 1.000000       1,4   -3.776
 21  50.100 0.999985 0.000015 1.000000       1,3   -3.487
 22   0.000 0.999985 0.000015 1.000000       1,4   -3.487
 22   5.010 0.999997 0.000003 1.000000       2,4   -3.776
 22  10.020 0.999976 0.000024 1.000000       1,5   -3.349
 22  15.030 0.974635 0.025365 1.000000       2,2   -0.473
 22  20.040 0.999976 0.000024 1.000000       2,4   -3.349
 22  25.050 0.999997 0.000003 1.000000       3,5   -3.776
 22  30.060 0.999997 0.000003 1.000000       3,5   -3.776
 22  35.070 0.999976 0.000024 1.000000       2,4   -3.349
 22  40.080 0.974635 0.025365 1.000000       2,2   -0.473
 22  45.090 0.999976 0.000024 1.000000       4,5   -3.348
 22  50.100 0.999985 0.000015 1.000000       1,2   -3.485
