     locus	chr	    pos	    FLOD
      C1M1	  1	  0.000	  -5.660
      C1M2	  1	  1.670	  -6.792
      C1M3	  1	  3.340	  -7.101
      C1M4	  1	  5.010	  -9.395
      C1M5	  1	  6.680	  -4.486
      C1M6	  1	  8.350	  -4.300
      C1M7	  1	 10.020	  -4.433
      C1M8	  1	 11.690	  -7.658
      C1M9	  1	 13.360	 -10.479
     C1M10	  1	 15.030	 -10.181
     C1M11	  1	 16.700	  -7.465
     C1M12	  1	 18.370	  -7.267
     C1M13	  1	 20.040	  -4.866
     C1M14	  1	 21.710	  -7.775
     C1M15	  1	 23.380	  -6.236
     C1M16	  1	 25.050	 -10.481
     C1M17	  1	 26.720	 -10.667
     C1M18	  1	 28.390	  -8.895
     C1M19	  1	 30.060	 -10.961
     C1M20	  1	 31.730	  -9.765
     C1M21	  1	 33.400	 -11.071
     C1M22	  1	 35.070	  -4.196
     C1M23	  1	 36.740	  -5.951
     C1M24	  1	 38.410	 -11.248
     C1M25	  1	 40.080	 -11.335
     C1M26	  1	 41.750	 -15.861
     C1M27	  1	 43.420	 -17.964
     C1M28	  1	 45.090	 -11.051
     C1M29	  1	 46.760	 -12.453
     C1M30	  1	 48.430	  -9.397
     C1M31	  1	 50.100	  -9.853
     C1M32	  1	 51.770	 -12.826
     C1M33	  1	 53.440	 -13.268
     C1M34	  1	 55.110	 -13.399
     C1M35	  1	 56.780	 -13.589
     C1M36	  1	 58.450	 -15.158
     C1M37	  1	 60.120	  -7.898
     C1M38	  1	 61.790	  -6.938
     C1M39	  1	 63.460	 -10.394
     C1M40	  1	 65.130	 -17.328
     C1M41	  1	 66.800	 -11.147
     C1M42	  1	 68.470	  -8.603
     C1M43	  1	 70.140	 -14.100
     C1M44	  1	 71.810	  -7.642
     C1M45	  1	 73.480	  -9.021
     C1M46	  1	 75.150	  -7.583
     C1M47	  1	 76.820	 -11.669
     C1M48	  1	 78.490	 -10.632
     C1M49	  1	 80.160	 -12.562
     C1M50	  1	 81.830	  -9.569
     C1M51	  1	 83.500	  -9.530
     C1M52	  1	 85.170	  -7.113
     C1M53	  1	 86.840	  -6.475
     C1M54	  1	 88.510	  -8.670
     C1M55	  1	 90.180	 -10.172
     C1M56	  1	 91.850	 -10.392
     C1M57	  1	 93.520	 -11.866
     C1M58	  1	 95.190	  -5.737
     C1M59	  1	 96.860	 -14.412
     C1M60	  1	 98.530	 -10.525
     C1M61	  1	100.200	  -8.150
     C1M62	  1	101.870	 -13.971
     C1M63	  1	103.540	 -10.019
     C1M64	  1	105.210	  -9.941
     C1M65	  1	106.880	  -9.856
     C1M66	  1	108.550	 -10.761
     C1M67	  1	110.220	 -12.841
     C1M68	  1	111.890	 -10.206
     C1M69	  1	113.560	  -9.087
     C1M70	  1	115.230	 -11.042
     C1M71	  1	116.900	 -11.187
     C1M72	  1	118.570	 -12.308
     C1M73	  1	120.240	 -12.570
     C1M74	  1	121.910	 -10.997
     C1M75	  1	123.580	  -7.953
     C1M76	  1	125.250	  -8.779
     C1M77	  1	126.920	  -2.144
     C1M78	  1	128.590	  -4.241
     C1M79	  1	130.260	  -6.936
     C1M80	  1	131.930	  -9.766
     C1M81	  1	133.600	 -10.132
     C1M82	  1	135.270	  -9.978
     C1M83	  1	136.940	  -5.783
     C1M84	  1	138.610	  -9.558
     C1M85	  1	140.280	 -14.602
     C1M86	  1	141.950	 -10.548
     C1M87	  1	143.620	 -10.839
     C1M88	  1	145.290	 -14.926
     C1M89	  1	146.960	 -12.337
     C1M90	  1	148.630	  -9.758
     C1M91	  1	150.300	 -10.135
     C1M92	  1	151.970	 -15.270
     C1M93	  1	153.640	 -14.508
     C1M94	  1	155.310	  -7.063
     C1M95	  1	156.980	  -8.799
     C1M96	  1	158.650	  -8.945
     C1M97	  1	160.320	 -12.685
     C1M98	  1	161.990	  -8.159
     C1M99	  1	163.660	  -5.818
    C1M100	  1	165.330	  -4.848
    C1M101	  1	167.000	  -8.018
    C1M102	  1	168.670	  -7.075
    C1M103	  1	170.340	  -7.691
    C1M104	  1	172.010	  -5.715
    C1M105	  1	173.680	  -5.458
    C1M106	  1	175.350	  -1.578
    C1M107	  1	177.020	  -1.114
    C1M108	  1	178.690	   1.397
    C1M109	  1	180.360	   0.410
    C1M110	  1	182.030	   1.391
    C1M111	  1	183.700	   3.333
    C1M112	  1	185.370	   3.380
    C1M113	  1	187.040	   0.500
    C1M114	  1	188.710	  -0.016
    C1M115	  1	190.380	   2.524
    C1M116	  1	192.050	   2.194
    C1M117	  1	193.720	  -3.444
    C1M118	  1	195.390	  -4.410
    C1M119	  1	197.060	  -5.799
    C1M120	  1	198.730	 -10.229
    C1M121	  1	200.400	  -6.167
    C1M122	  1	202.070	  -7.431
    C1M123	  1	203.740	  -7.318
    C1M124	  1	205.410	  -7.802
    C1M125	  1	207.080	 -11.006
    C1M126	  1	208.750	  -8.114
    C1M127	  1	210.420	  -7.269
    C1M128	  1	212.090	  -5.129
    C1M129	  1	213.760	  -7.688
    C1M130	  1	215.430	  -9.647
    C1M131	  1	217.100	  -5.059
    C1M132	  1	218.770	  -2.785
    C1M133	  1	220.440	  -8.438
    C1M134	  1	222.110	  -8.742
    C1M135	  1	223.780	 -11.090
    C1M136	  1	225.450	  -4.381
    C1M137	  1	227.120	 -11.197
    C1M138	  1	228.790	 -10.733
    C1M139	  1	230.460	 -10.473
    C1M140	  1	232.130	  -5.443
    C1M141	  1	233.800	  -5.595
    C1M142	  1	235.470	  -7.084
    C1M143	  1	237.140	  -8.607
    C1M144	  1	238.810	  -6.482
    C1M145	  1	240.480	  -9.807
    C1M146	  1	242.150	 -12.002
    C1M147	  1	243.820	 -12.457
    C1M148	  1	245.490	 -12.627
    C1M149	  1	247.160	 -12.633
    C1M150	  1	248.830	 -10.543
    C1M151	  1	250.500	 -11.628
    C1M152	  1	252.170	  -7.580
    C1M153	  1	253.840	  -9.640
    C1M154	  1	255.510	 -12.164
    C1M155	  1	257.180	 -10.396
    C1M156	  1	258.850	 -12.833
    C1M157	  1	260.520	  -9.178
    C1M158	  1	262.190	 -17.447
    C1M159	  1	263.860	 -11.306
    C1M160	  1	265.530	 -11.480
    C1M161	  1	267.200	  -9.210
    C1M162	  1	268.870	  -6.517
    C1M163	  1	270.540	  -8.297
    C1M164	  1	272.210	  -6.716
    C1M165	  1	273.880	  -9.011
    C1M166	  1	275.550	 -14.765
    C1M167	  1	277.220	 -16.477
    C1M168	  1	278.890	 -13.162
    C1M169	  1	280.560	  -9.365
    C1M170	  1	282.230	  -8.846
    C1M171	  1	283.900	 -11.301
    C1M172	  1	285.570	  -7.414
    C1M173	  1	287.240	 -11.642
    C1M174	  1	288.910	  -7.293
    C1M175	  1	290.580	 -12.099
    C1M176	  1	292.250	 -13.601
    C1M177	  1	293.920	 -15.464
    C1M178	  1	295.590	 -10.506
    C1M179	  1	297.260	 -12.584
    C1M180	  1	298.930	 -11.533
    C1M181	  1	300.600	  -7.980
      C2M1	  2	  0.000	  -4.068
      C2M2	  2	  1.670	  -5.628
      C2M3	  2	  3.340	 -10.164
      C2M4	  2	  5.010	  -9.170
      C2M5	  2	  6.680	 -12.982
      C2M6	  2	  8.350	 -13.202
      C2M7	  2	 10.020	 -11.098
      C2M8	  2	 11.690	 -12.429
      C2M9	  2	 13.360	 -11.682
     C2M10	  2	 15.030	 -10.487
     C2M11	  2	 16.700	  -5.610
     C2M12	  2	 18.370	  -2.756
     C2M13	  2	 20.040	  -8.003
     C2M14	  2	 21.710	 -10.694
     C2M15	  2	 23.380	  -6.674
     C2M16	  2	 25.050	  -9.208
     C2M17	  2	 26.720	  -7.749
     C2M18	  2	 28.390	  -7.804
     C2M19	  2	 30.060	  -5.324
     C2M20	  2	 31.730	  -3.181
     C2M21	  2	 33.400	  -8.890
     C2M22	  2	 35.070	 -14.870
     C2M23	  2	 36.740	 -12.543
     C2M24	  2	 38.410	  -7.668
     C2M25	  2	 40.080	  -7.883
     C2M26	  2	 41.750	 -17.322
     C2M27	  2	 43.420	 -13.690
     C2M28	  2	 45.090	  -7.409
     C2M29	  2	 46.760	  -8.131
     C2M30	  2	 48.430	  -6.813
     C2M31	  2	 50.100	  -9.020
     C2M32	  2	 51.770	 -10.950
     C2M33	  2	 53.440	  -6.683
     C2M34	  2	 55.110	  -8.495
     C2M35	  2	 56.780	  -8.237
     C2M36	  2	 58.450	  -9.169
     C2M37	  2	 60.120	 -10.438
     C2M38	  2	 61.790	 -15.626
     C2M39	  2	 63.460	 -15.873
     C2M40	  2	 65.130	 -14.094
     C2M41	  2	 66.800	  -6.444
     C2M42	  2	 68.470	  -8.271
     C2M43	  2	 70.140	  -5.907
     C2M44	  2	 71.810	 -10.284
     C2M45	  2	 73.480	  -8.755
     C2M46	  2	 75.150	  -8.757
     C2M47	  2	 76.820	  -8.470
     C2M48	  2	 78.490	 -10.043
     C2M49	  2	 80.160	  -5.923
     C2M50	  2	 81.830	 -13.072
     C2M51	  2	 83.500	  -8.239
     C2M52	  2	 85.170	  -9.922
     C2M53	  2	 86.840	 -13.575
     C2M54	  2	 88.510	 -17.811
     C2M55	  2	 90.180	 -11.264
     C2M56	  2	 91.850	 -11.032
     C2M57	  2	 93.520	 -14.875
     C2M58	  2	 95.190	 -13.251
     C2M59	  2	 96.860	 -13.305
     C2M60	  2	 98.530	  -3.490
     C2M61	  2	100.200	  -6.871
     C2M62	  2	101.870	  -6.599
     C2M63	  2	103.540	  -4.727
     C2M64	  2	105.210	  -5.045
     C2M65	  2	106.880	  -8.310
     C2M66	  2	108.550	 -11.305
     C2M67	  2	110.220	 -13.088
     C2M68	  2	111.890	  -8.495
     C2M69	  2	113.560	  -8.391
     C2M70	  2	115.230	  -8.057
     C2M71	  2	116.900	 -12.577
     C2M72	  2	118.570	 -11.405
     C2M73	  2	120.240	  -5.809
     C2M74	  2	121.910	 -10.475
     C2M75	  2	123.580	  -8.126
     C2M76	  2	125.250	  -7.989
     C2M77	  2	126.920	  -8.533
     C2M78	  2	128.590	  -8.403
     C2M79	  2	130.260	 -13.088
     C2M80	  2	131.930	  -8.955
     C2M81	  2	133.600	  -6.973
     C2M82	  2	135.270	 -10.702
     C2M83	  2	136.940	 -12.969
     C2M84	  2	138.610	 -15.545
     C2M85	  2	140.280	 -13.024
     C2M86	  2	141.950	 -10.630
     C2M87	  2	143.620	 -10.624
     C2M88	  2	145.290	 -13.169
     C2M89	  2	146.960	 -13.026
     C2M90	  2	148.630	 -10.531
     C2M91	  2	150.300	 -10.050
     C2M92	  2	151.970	 -12.390
     C2M93	  2	153.640	 -12.657
     C2M94	  2	155.310	 -12.893
     C2M95	  2	156.980	 -13.464
     C2M96	  2	158.650	 -13.087
     C2M97	  2	160.320	 -12.499
     C2M98	  2	161.990	 -11.411
     C2M99	  2	163.660	  -6.287
    C2M100	  2	165.330	  -9.740
    C2M101	  2	167.000	  -3.652
    C2M102	  2	168.670	  -5.756
    C2M103	  2	170.340	  -1.164
    C2M104	  2	172.010	  -3.515
    C2M105	  2	173.680	  -3.984
    C2M106	  2	175.350	  -7.489
    C2M107	  2	177.020	 -10.729
    C2M108	  2	178.690	  -6.223
    C2M109	  2	180.360	 -10.802
    C2M110	  2	182.030	  -6.527
    C2M111	  2	183.700	  -8.504
    C2M112	  2	185.370	 -11.475
    C2M113	  2	187.040	  -9.959
    C2M114	  2	188.710	 -12.481
    C2M115	  2	190.380	 -11.699
    C2M116	  2	192.050	 -11.268
    C2M117	  2	193.720	  -7.507
    C2M118	  2	195.390	 -11.216
    C2M119	  2	197.060	  -9.382
    C2M120	  2	198.730	 -12.149
    C2M121	  2	200.400	 -12.011
    C2M122	  2	202.070	 -14.092
    C2M123	  2	203.740	  -9.854
    C2M124	  2	205.410	 -11.949
    C2M125	  2	207.080	  -7.253
    C2M126	  2	208.750	  -8.629
    C2M127	  2	210.420	  -8.320
    C2M128	  2	212.090	  -6.304
    C2M129	  2	213.760	  -6.606
    C2M130	  2	215.430	 -10.150
    C2M131	  2	217.100	  -6.364
    C2M132	  2	218.770	  -9.331
    C2M133	  2	220.440	 -12.552
    C2M134	  2	222.110	 -14.097
    C2M135	  2	223.780	  -5.917
    C2M136	  2	225.450	  -4.075
    C2M137	  2	227.120	  -9.184
    C2M138	  2	228.790	 -12.022
    C2M139	  2	230.460	  -9.805
    C2M140	  2	232.130	 -14.623
    C2M141	  2	233.800	 -13.683
    C2M142	  2	235.470	 -18.182
    C2M143	  2	237.140	 -17.154
    C2M144	  2	238.810	  -6.708
    C2M145	  2	240.480	  -8.541
    C2M146	  2	242.150	 -10.953
    C2M147	  2	243.820	  -6.865
    C2M148	  2	245.490	  -8.868
    C2M149	  2	247.160	  -8.261
    C2M150	  2	248.830	  -6.582
    C2M151	  2	250.500	 -11.219
    C2M152	  2	252.170	 -11.379
    C2M153	  2	253.840	 -13.082
    C2M154	  2	255.510	 -12.337
    C2M155	  2	257.180	 -12.194
    C2M156	  2	258.850	 -10.793
    C2M157	  2	260.520	  -3.869
    C2M158	  2	262.190	  -6.016
    C2M159	  2	263.860	  -8.562
    C2M160	  2	265.530	  -8.986
    C2M161	  2	267.200	  -7.924
    C2M162	  2	268.870	  -5.987
    C2M163	  2	270.540	  -8.282
    C2M164	  2	272.210	  -5.917
    C2M165	  2	273.880	  -7.897
    C2M166	  2	275.550	  -4.159
    C2M167	  2	277.220	  -9.569
    C2M168	  2	278.890	  -6.095
    C2M169	  2	280.560	  -8.765
    C2M170	  2	282.230	 -10.847
    C2M171	  2	283.900	  -3.966
    C2M172	  2	285.570	  -5.956
    C2M173	  2	287.240	  -8.110
    C2M174	  2	288.910	 -13.674
    C2M175	  2	290.580	  -8.522
    C2M176	  2	292.250	 -14.346
    C2M177	  2	293.920	  -7.979
    C2M178	  2	295.590	  -9.220
    C2M179	  2	297.260	  -9.118
    C2M180	  2	298.930	 -13.943
    C2M181	  2	300.600	 -11.275
      C3M1	  3	  0.000	  -7.401
      C3M2	  3	  1.670	 -10.753
      C3M3	  3	  3.340	 -13.176
      C3M4	  3	  5.010	  -8.621
      C3M5	  3	  6.680	  -9.681
      C3M6	  3	  8.350	  -4.120
      C3M7	  3	 10.020	  -7.717
      C3M8	  3	 11.690	  -7.895
      C3M9	  3	 13.360	  -8.450
     C3M10	  3	 15.030	 -14.172
     C3M11	  3	 16.700	  -9.314
     C3M12	  3	 18.370	 -17.560
     C3M13	  3	 20.040	 -11.092
     C3M14	  3	 21.710	 -14.215
     C3M15	  3	 23.380	  -7.636
     C3M16	  3	 25.050	  -8.739
     C3M17	  3	 26.720	  -9.260
     C3M18	  3	 28.390	  -9.160
     C3M19	  3	 30.060	 -14.226
     C3M20	  3	 31.730	 -14.038
     C3M21	  3	 33.400	  -7.193
     C3M22	  3	 35.070	  -6.952
     C3M23	  3	 36.740	  -8.071
     C3M24	  3	 38.410	  -6.329
     C3M25	  3	 40.080	 -13.090
     C3M26	  3	 41.750	  -7.306
     C3M27	  3	 43.420	  -9.780
     C3M28	  3	 45.090	  -2.868
     C3M29	  3	 46.760	  -6.382
     C3M30	  3	 48.430	  -2.895
     C3M31	  3	 50.100	  -6.829
     C3M32	  3	 51.770	  -7.352
     C3M33	  3	 53.440	 -11.256
     C3M34	  3	 55.110	 -13.207
     C3M35	  3	 56.780	 -15.282
     C3M36	  3	 58.450	  -7.845
     C3M37	  3	 60.120	  -9.613
     C3M38	  3	 61.790	  -9.862
     C3M39	  3	 63.460	 -12.878
     C3M40	  3	 65.130	 -15.791
     C3M41	  3	 66.800	 -11.591
     C3M42	  3	 68.470	 -18.147
     C3M43	  3	 70.140	 -16.676
     C3M44	  3	 71.810	 -16.305
     C3M45	  3	 73.480	 -14.990
     C3M46	  3	 75.150	 -10.811
     C3M47	  3	 76.820	 -10.370
     C3M48	  3	 78.490	 -13.920
     C3M49	  3	 80.160	 -11.650
     C3M50	  3	 81.830	  -9.870
     C3M51	  3	 83.500	 -10.260
     C3M52	  3	 85.170	 -14.145
     C3M53	  3	 86.840	  -9.617
     C3M54	  3	 88.510	 -10.809
     C3M55	  3	 90.180	  -6.157
     C3M56	  3	 91.850	 -12.593
     C3M57	  3	 93.520	  -8.319
     C3M58	  3	 95.190	  -3.928
     C3M59	  3	 96.860	 -10.225
     C3M60	  3	 98.530	  -4.246
     C3M61	  3	100.200	  -8.225
     C3M62	  3	101.870	 -11.188
     C3M63	  3	103.540	 -10.987
     C3M64	  3	105.210	  -9.220
     C3M65	  3	106.880	 -13.844
     C3M66	  3	108.550	  -9.122
     C3M67	  3	110.220	  -9.270
     C3M68	  3	111.890	 -10.677
     C3M69	  3	113.560	  -8.859
     C3M70	  3	115.230	  -7.992
     C3M71	  3	116.900	  -7.591
     C3M72	  3	118.570	  -5.983
     C3M73	  3	120.240	  -8.683
     C3M74	  3	121.910	 -12.275
     C3M75	  3	123.580	 -12.958
     C3M76	  3	125.250	 -12.696
     C3M77	  3	126.920	 -10.133
     C3M78	  3	128.590	  -8.736
     C3M79	  3	130.260	 -16.546
     C3M80	  3	131.930	  -5.584
     C3M81	  3	133.600	 -11.243
     C3M82	  3	135.270	  -6.876
     C3M83	  3	136.940	  -9.169
     C3M84	  3	138.610	 -11.470
     C3M85	  3	140.280	  -9.806
     C3M86	  3	141.950	 -10.031
     C3M87	  3	143.620	 -11.111
     C3M88	  3	145.290	 -17.015
     C3M89	  3	146.960	  -8.172
     C3M90	  3	148.630	  -7.943
     C3M91	  3	150.300	 -15.401
     C3M92	  3	151.970	 -16.010
     C3M93	  3	153.640	 -17.686
     C3M94	  3	155.310	 -11.522
     C3M95	  3	156.980	  -4.371
     C3M96	  3	158.650	  -8.118
     C3M97	  3	160.320	  -6.926
     C3M98	  3	161.990	 -10.162
     C3M99	  3	163.660	 -13.441
    C3M100	  3	165.330	 -11.934
    C3M101	  3	167.000	  -9.842
    C3M102	  3	168.670	 -10.140
    C3M103	  3	170.340	  -9.422
    C3M104	  3	172.010	  -9.862
    C3M105	  3	173.680	 -13.996
    C3M106	  3	175.350	  -9.053
    C3M107	  3	177.020	 -15.236
    C3M108	  3	178.690	 -10.631
    C3M109	  3	180.360	 -12.912
    C3M110	  3	182.030	 -13.243
    C3M111	  3	183.700	  -6.085
    C3M112	  3	185.370	  -6.238
    C3M113	  3	187.040	 -10.224
    C3M114	  3	188.710	  -6.851
    C3M115	  3	190.380	 -10.753
    C3M116	  3	192.050	  -8.219
    C3M117	  3	193.720	  -8.780
    C3M118	  3	195.390	  -3.867
    C3M119	  3	197.060	  -3.500
    C3M120	  3	198.730	  -1.908
    C3M121	  3	200.400	  -7.368
      C4M1	  4	  0.000	 -16.550
      C4M2	  4	  1.670	 -14.820
      C4M3	  4	  3.340	  -9.893
      C4M4	  4	  5.010	  -9.892
      C4M5	  4	  6.680	 -12.808
      C4M6	  4	  8.350	 -12.956
      C4M7	  4	 10.020	 -10.637
      C4M8	  4	 11.690	 -10.496
      C4M9	  4	 13.360	  -9.959
     C4M10	  4	 15.030	 -10.009
     C4M11	  4	 16.700	  -9.810
     C4M12	  4	 18.370	  -7.804
     C4M13	  4	 20.040	 -14.353
     C4M14	  4	 21.710	 -10.337
     C4M15	  4	 23.380	 -13.011
     C4M16	  4	 25.050	 -15.621
     C4M17	  4	 26.720	 -12.200
     C4M18	  4	 28.390	 -15.896
     C4M19	  4	 30.060	 -15.303
     C4M20	  4	 31.730	 -10.283
     C4M21	  4	 33.400	  -8.470
     C4M22	  4	 35.070	 -12.138
     C4M23	  4	 36.740	  -9.355
     C4M24	  4	 38.410	  -8.287
     C4M25	  4	 40.080	  -5.505
     C4M26	  4	 41.750	  -7.221
     C4M27	  4	 43.420	  -5.587
     C4M28	  4	 45.090	 -11.138
     C4M29	  4	 46.760	 -11.363
     C4M30	  4	 48.430	  -8.763
     C4M31	  4	 50.100	  -8.111
     C4M32	  4	 51.770	  -7.146
     C4M33	  4	 53.440	 -13.674
     C4M34	  4	 55.110	 -18.109
     C4M35	  4	 56.780	 -12.369
     C4M36	  4	 58.450	 -13.571
     C4M37	  4	 60.120	 -15.166
     C4M38	  4	 61.790	  -7.081
     C4M39	  4	 63.460	  -6.654
     C4M40	  4	 65.130	  -9.225
     C4M41	  4	 66.800	 -12.335
     C4M42	  4	 68.470	 -15.566
     C4M43	  4	 70.140	 -12.369
     C4M44	  4	 71.810	  -9.652
     C4M45	  4	 73.480	 -10.420
     C4M46	  4	 75.150	 -12.111
     C4M47	  4	 76.820	 -12.846
     C4M48	  4	 78.490	 -11.038
     C4M49	  4	 80.160	 -10.108
     C4M50	  4	 81.830	 -12.973
     C4M51	  4	 83.500	  -8.430
     C4M52	  4	 85.170	  -8.203
     C4M53	  4	 86.840	 -10.517
     C4M54	  4	 88.510	  -8.943
     C4M55	  4	 90.180	 -11.170
     C4M56	  4	 91.850	  -8.926
     C4M57	  4	 93.520	  -9.110
     C4M58	  4	 95.190	 -12.570
     C4M59	  4	 96.860	 -14.738
     C4M60	  4	 98.530	 -12.364
     C4M61	  4	100.200	  -8.757
     C4M62	  4	101.870	  -5.224
     C4M63	  4	103.540	  -5.112
     C4M64	  4	105.210	  -9.988
     C4M65	  4	106.880	  -5.908
     C4M66	  4	108.550	  -8.480
     C4M67	  4	110.220	 -11.059
     C4M68	  4	111.890	  -6.966
     C4M69	  4	113.560	 -10.305
     C4M70	  4	115.230	 -13.940
     C4M71	  4	116.900	 -15.507
     C4M72	  4	118.570	 -10.388
     C4M73	  4	120.240	  -8.021
     C4M74	  4	121.910	 -11.970
     C4M75	  4	123.580	 -11.717
     C4M76	  4	125.250	 -14.863
     C4M77	  4	126.920	 -12.397
     C4M78	  4	128.590	  -7.170
     C4M79	  4	130.260	 -10.798
     C4M80	  4	131.930	  -4.141
     C4M81	  4	133.600	  -8.417
     C4M82	  4	135.270	  -8.260
     C4M83	  4	136.940	  -9.448
     C4M84	  4	138.610	  -9.424
     C4M85	  4	140.280	  -9.406
     C4M86	  4	141.950	 -10.281
     C4M87	  4	143.620	 -11.760
     C4M88	  4	145.290	 -10.742
     C4M89	  4	146.960	 -11.220
     C4M90	  4	148.630	 -15.383
     C4M91	  4	150.300	 -13.342
     C4M92	  4	151.970	  -9.848
     C4M93	  4	153.640	  -7.309
     C4M94	  4	155.310	  -9.746
     C4M95	  4	156.980	  -7.798
     C4M96	  4	158.650	 -15.696
     C4M97	  4	160.320	 -13.917
     C4M98	  4	161.990	 -17.640
     C4M99	  4	163.660	 -12.394
    C4M100	  4	165.330	  -7.321
    C4M101	  4	167.000	  -7.138
    C4M102	  4	168.670	 -12.019
    C4M103	  4	170.340	 -10.580
    C4M104	  4	172.010	 -17.204
    C4M105	  4	173.680	 -11.827
    C4M106	  4	175.350	 -15.365
    C4M107	  4	177.020	 -12.492
    C4M108	  4	178.690	  -9.273
    C4M109	  4	180.360	  -7.198
    C4M110	  4	182.030	  -8.704
    C4M111	  4	183.700	  -7.247
    C4M112	  4	185.370	 -14.607
    C4M113	  4	187.040	 -13.101
    C4M114	  4	188.710	 -11.822
    C4M115	  4	190.380	 -15.486
    C4M116	  4	192.050	 -10.172
    C4M117	  4	193.720	  -8.689
    C4M118	  4	195.390	  -8.126
    C4M119	  4	197.060	  -7.649
    C4M120	  4	198.730	  -4.620
    C4M121	  4	200.400	  -3.335
      C5M1	  5	  0.000	  -4.252
      C5M2	  5	  1.670	  -7.416
      C5M3	  5	  3.340	  -7.809
      C5M4	  5	  5.010	 -14.755
      C5M5	  5	  6.680	 -16.380
      C5M6	  5	  8.350	 -14.155
      C5M7	  5	 10.020	 -13.014
      C5M8	  5	 11.690	 -10.037
      C5M9	  5	 13.360	  -5.511
     C5M10	  5	 15.030	 -14.112
     C5M11	  5	 16.700	 -10.356
     C5M12	  5	 18.370	  -9.810
     C5M13	  5	 20.040	 -12.531
     C5M14	  5	 21.710	 -13.274
     C5M15	  5	 23.380	 -17.152
     C5M16	  5	 25.050	  -8.373
     C5M17	  5	 26.720	 -10.289
     C5M18	  5	 28.390	 -10.624
     C5M19	  5	 30.060	  -5.964
     C5M20	  5	 31.730	  -7.810
     C5M21	  5	 33.400	  -7.738
     C5M22	  5	 35.070	  -6.428
     C5M23	  5	 36.740	  -8.379
     C5M24	  5	 38.410	 -10.813
     C5M25	  5	 40.080	  -9.715
     C5M26	  5	 41.750	 -12.039
     C5M27	  5	 43.420	 -14.044
     C5M28	  5	 45.090	 -13.224
     C5M29	  5	 46.760	 -12.550
     C5M30	  5	 48.430	  -8.357
     C5M31	  5	 50.100	 -12.851
     C5M32	  5	 51.770	 -15.072
     C5M33	  5	 53.440	 -12.739
     C5M34	  5	 55.110	 -10.689
     C5M35	  5	 56.780	 -10.445
     C5M36	  5	 58.450	 -13.500
     C5M37	  5	 60.120	 -13.107
     C5M38	  5	 61.790	 -12.599
     C5M39	  5	 63.460	  -9.107
     C5M40	  5	 65.130	 -11.112
     C5M41	  5	 66.800	  -8.976
     C5M42	  5	 68.470	  -9.407
     C5M43	  5	 70.140	 -13.646
     C5M44	  5	 71.810	  -9.817
     C5M45	  5	 73.480	 -12.063
     C5M46	  5	 75.150	  -9.358
     C5M47	  5	 76.820	 -12.629
     C5M48	  5	 78.490	 -12.532
     C5M49	  5	 80.160	 -10.403
     C5M50	  5	 81.830	 -11.868
     C5M51	  5	 83.500	  -9.008
     C5M52	  5	 85.170	  -8.860
     C5M53	  5	 86.840	  -9.328
     C5M54	  5	 88.510	 -15.029
     C5M55	  5	 90.180	  -5.289
     C5M56	  5	 91.850	  -6.591
     C5M57	  5	 93.520	 -10.962
     C5M58	  5	 95.190	  -9.208
     C5M59	  5	 96.860	  -9.585
     C5M60	  5	 98.530	 -12.317
     C5M61	  5	100.200	 -12.400
     C5M62	  5	101.870	 -10.370
     C5M63	  5	103.540	 -10.140
     C5M64	  5	105.210	 -11.958
     C5M65	  5	106.880	  -9.565
     C5M66	  5	108.550	  -7.654
     C5M67	  5	110.220	 -12.034
     C5M68	  5	111.890	 -12.074
     C5M69	  5	113.560	  -7.256
     C5M70	  5	115.230	  -8.672
     C5M71	  5	116.900	  -5.299
     C5M72	  5	118.570	 -14.668
     C5M73	  5	120.240	 -18.215
     C5M74	  5	121.910	 -17.776
     C5M75	  5	123.580	  -9.794
     C5M76	  5	125.250	  -7.543
     C5M77	  5	126.920	  -9.627
     C5M78	  5	128.590	 -14.250
     C5M79	  5	130.260	 -10.136
     C5M80	  5	131.930	 -10.789
     C5M81	  5	133.600	 -15.063
     C5M82	  5	135.270	 -13.085
     C5M83	  5	136.940	  -9.608
     C5M84	  5	138.610	 -17.698
     C5M85	  5	140.280	 -13.503
     C5M86	  5	141.950	 -13.085
     C5M87	  5	143.620	  -9.514
     C5M88	  5	145.290	  -9.460
     C5M89	  5	146.960	 -14.619
     C5M90	  5	148.630	 -14.919
     C5M91	  5	150.300	 -10.736
     C5M92	  5	151.970	 -10.021
     C5M93	  5	153.640	 -11.158
     C5M94	  5	155.310	 -17.071
     C5M95	  5	156.980	  -9.467
     C5M96	  5	158.650	  -8.528
     C5M97	  5	160.320	  -6.116
     C5M98	  5	161.990	  -6.163
     C5M99	  5	163.660	  -8.713
    C5M100	  5	165.330	 -10.696
    C5M101	  5	167.000	 -11.330
    C5M102	  5	168.670	 -10.657
    C5M103	  5	170.340	 -14.313
    C5M104	  5	172.010	  -6.326
    C5M105	  5	173.680	 -12.620
    C5M106	  5	175.350	 -17.722
    C5M107	  5	177.020	 -16.075
    C5M108	  5	178.690	 -14.098
    C5M109	  5	180.360	 -13.249
    C5M110	  5	182.030	 -12.081
    C5M111	  5	183.700	  -6.665
    C5M112	  5	185.370	  -9.013
    C5M113	  5	187.040	 -11.287
    C5M114	  5	188.710	  -6.325
    C5M115	  5	190.380	  -5.365
    C5M116	  5	192.050	  -7.642
    C5M117	  5	193.720	 -10.780
    C5M118	  5	195.390	 -13.886
    C5M119	  5	197.060	 -12.201
    C5M120	  5	198.730	  -7.415
    C5M121	  5	200.400	 -12.703
      C6M1	  6	  0.000	  -8.742
      C6M2	  6	  1.670	  -5.069
      C6M3	  6	  3.340	  -6.170
      C6M4	  6	  5.010	 -12.055
      C6M5	  6	  6.680	  -6.014
      C6M6	  6	  8.350	  -5.689
      C6M7	  6	 10.020	  -7.343
      C6M8	  6	 11.690	  -9.236
      C6M9	  6	 13.360	  -4.829
     C6M10	  6	 15.030	  -4.039
     C6M11	  6	 16.700	  -3.845
     C6M12	  6	 18.370	  -3.324
     C6M13	  6	 20.040	  -5.776
     C6M14	  6	 21.710	  -8.146
     C6M15	  6	 23.380	  -8.501
     C6M16	  6	 25.050	  -9.750
     C6M17	  6	 26.720	 -14.246
     C6M18	  6	 28.390	 -12.396
     C6M19	  6	 30.060	 -12.850
     C6M20	  6	 31.730	  -4.676
     C6M21	  6	 33.400	  -5.801
     C6M22	  6	 35.070	  -6.057
     C6M23	  6	 36.740	  -9.262
     C6M24	  6	 38.410	 -11.877
     C6M25	  6	 40.080	 -11.623
     C6M26	  6	 41.750	  -7.961
     C6M27	  6	 43.420	  -9.598
     C6M28	  6	 45.090	 -11.409
     C6M29	  6	 46.760	  -9.657
     C6M30	  6	 48.430	  -9.066
     C6M31	  6	 50.100	  -9.214
     C6M32	  6	 51.770	  -9.490
     C6M33	  6	 53.440	  -7.162
     C6M34	  6	 55.110	 -12.227
     C6M35	  6	 56.780	 -12.889
     C6M36	  6	 58.450	 -13.142
     C6M37	  6	 60.120	  -9.109
     C6M38	  6	 61.790	 -12.743
     C6M39	  6	 63.460	 -12.136
     C6M40	  6	 65.130	  -9.316
     C6M41	  6	 66.800	 -13.895
     C6M42	  6	 68.470	  -9.970
     C6M43	  6	 70.140	 -10.057
     C6M44	  6	 71.810	 -12.263
     C6M45	  6	 73.480	 -11.939
     C6M46	  6	 75.150	 -14.005
     C6M47	  6	 76.820	  -9.706
     C6M48	  6	 78.490	 -11.035
     C6M49	  6	 80.160	  -9.841
     C6M50	  6	 81.830	  -9.180
     C6M51	  6	 83.500	  -6.802
     C6M52	  6	 85.170	  -8.789
     C6M53	  6	 86.840	  -7.528
     C6M54	  6	 88.510	 -16.789
     C6M55	  6	 90.180	 -10.911
     C6M56	  6	 91.850	 -10.532
     C6M57	  6	 93.520	 -10.660
     C6M58	  6	 95.190	 -12.874
     C6M59	  6	 96.860	 -14.279
     C6M60	  6	 98.530	  -7.124
     C6M61	  6	100.200	 -11.793
     C6M62	  6	101.870	 -12.069
     C6M63	  6	103.540	 -11.556
     C6M64	  6	105.210	  -9.707
     C6M65	  6	106.880	 -12.329
     C6M66	  6	108.550	 -11.178
     C6M67	  6	110.220	  -7.491
     C6M68	  6	111.890	  -5.904
     C6M69	  6	113.560	  -9.578
     C6M70	  6	115.230	  -9.928
     C6M71	  6	116.900	  -6.018
     C6M72	  6	118.570	  -7.721
     C6M73	  6	120.240	  -9.735
     C6M74	  6	121.910	  -7.962
     C6M75	  6	123.580	  -8.002
     C6M76	  6	125.250	  -7.368
     C6M77	  6	126.920	  -6.489
     C6M78	  6	128.590	  -4.328
     C6M79	  6	130.260	  -2.167
     C6M80	  6	131.930	  -8.470
     C6M81	  6	133.600	  -4.679
     C6M82	  6	135.270	  -3.995
     C6M83	  6	136.940	  -3.898
     C6M84	  6	138.610	  -3.930
     C6M85	  6	140.280	  -7.037
     C6M86	  6	141.950	 -11.039
     C6M87	  6	143.620	 -10.647
     C6M88	  6	145.290	  -5.662
     C6M89	  6	146.960	  -9.239
     C6M90	  6	148.630	  -3.350
     C6M91	  6	150.300	  -6.755
     C6M92	  6	151.970	  -7.322
     C6M93	  6	153.640	  -6.878
     C6M94	  6	155.310	  -5.523
     C6M95	  6	156.980	  -8.464
     C6M96	  6	158.650	 -11.120
     C6M97	  6	160.320	 -18.170
     C6M98	  6	161.990	 -16.200
     C6M99	  6	163.660	 -17.988
    C6M100	  6	165.330	 -13.286
    C6M101	  6	167.000	  -9.797
    C6M102	  6	168.670	  -8.036
    C6M103	  6	170.340	 -12.338
    C6M104	  6	172.010	 -12.304
    C6M105	  6	173.680	 -11.554
    C6M106	  6	175.350	 -13.533
    C6M107	  6	177.020	 -17.506
    C6M108	  6	178.690	  -8.801
    C6M109	  6	180.360	 -13.291
    C6M110	  6	182.030	 -10.387
    C6M111	  6	183.700	  -9.331
    C6M112	  6	185.370	  -3.775
    C6M113	  6	187.040	  -3.722
    C6M114	  6	188.710	  -8.654
    C6M115	  6	190.380	  -7.657
    C6M116	  6	192.050	  -9.651
    C6M117	  6	193.720	  -9.688
    C6M118	  6	195.390	 -10.158
    C6M119	  6	197.060	  -7.227
    C6M120	  6	198.730	  -7.107
    C6M121	  6	200.400	  -6.235
      C7M1	  7	  0.000	  -7.243
      C7M2	  7	  1.670	 -10.605
      C7M3	  7	  3.340	 -10.838
      C7M4	  7	  5.010	  -8.300
      C7M5	  7	  6.680	  -6.337
      C7M6	  7	  8.350	 -11.267
      C7M7	  7	 10.020	  -9.221
      C7M8	  7	 11.690	  -9.043
      C7M9	  7	 13.360	 -11.384
     C7M10	  7	 15.030	 -11.451
     C7M11	  7	 16.700	  -7.993
     C7M12	  7	 18.370	  -6.050
     C7M13	  7	 20.040	  -7.813
     C7M14	  7	 21.710	  -8.930
     C7M15	  7	 23.380	 -12.802
     C7M16	  7	 25.050	  -6.533
     C7M17	  7	 26.720	  -8.616
     C7M18	  7	 28.390	  -9.544
     C7M19	  7	 30.060	 -14.925
     C7M20	  7	 31.730	 -15.435
     C7M21	  7	 33.400	 -12.871
     C7M22	  7	 35.070	  -6.305
     C7M23	  7	 36.740	 -14.477
     C7M24	  7	 38.410	 -10.464
     C7M25	  7	 40.080	  -9.334
     C7M26	  7	 41.750	 -12.085
     C7M27	  7	 43.420	  -7.170
     C7M28	  7	 45.090	  -2.484
     C7M29	  7	 46.760	  -4.194
     C7M30	  7	 48.430	  -7.244
     C7M31	  7	 50.100	  -5.109
     C7M32	  7	 51.770	  -5.407
     C7M33	  7	 53.440	  -8.313
     C7M34	  7	 55.110	 -11.472
     C7M35	  7	 56.780	 -13.411
     C7M36	  7	 58.450	  -7.244
     C7M37	  7	 60.120	 -14.130
     C7M38	  7	 61.790	 -16.258
     C7M39	  7	 63.460	  -9.012
     C7M40	  7	 65.130	  -8.359
     C7M41	  7	 66.800	  -7.739
     C7M42	  7	 68.470	  -8.637
     C7M43	  7	 70.140	 -10.503
     C7M44	  7	 71.810	  -8.350
     C7M45	  7	 73.480	  -8.198
     C7M46	  7	 75.150	  -8.540
     C7M47	  7	 76.820	  -8.993
     C7M48	  7	 78.490	 -13.831
     C7M49	  7	 80.160	 -13.066
     C7M50	  7	 81.830	 -11.227
     C7M51	  7	 83.500	 -13.196
     C7M52	  7	 85.170	  -8.752
     C7M53	  7	 86.840	 -13.012
     C7M54	  7	 88.510	 -12.927
     C7M55	  7	 90.180	 -10.958
     C7M56	  7	 91.850	  -9.720
     C7M57	  7	 93.520	  -8.747
     C7M58	  7	 95.190	 -14.982
     C7M59	  7	 96.860	 -10.113
     C7M60	  7	 98.530	  -7.664
     C7M61	  7	100.200	 -12.204
     C7M62	  7	101.870	 -12.907
     C7M63	  7	103.540	 -11.180
     C7M64	  7	105.210	 -12.637
     C7M65	  7	106.880	 -15.191
     C7M66	  7	108.550	  -8.590
     C7M67	  7	110.220	 -10.198
     C7M68	  7	111.890	 -12.220
     C7M69	  7	113.560	 -14.920
     C7M70	  7	115.230	 -10.758
     C7M71	  7	116.900	 -11.036
     C7M72	  7	118.570	  -6.615
     C7M73	  7	120.240	 -10.283
     C7M74	  7	121.910	  -5.982
     C7M75	  7	123.580	  -7.952
     C7M76	  7	125.250	  -6.121
     C7M77	  7	126.920	 -12.195
     C7M78	  7	128.590	 -11.220
     C7M79	  7	130.260	 -14.050
     C7M80	  7	131.930	 -12.378
     C7M81	  7	133.600	  -9.256
     C7M82	  7	135.270	  -8.108
     C7M83	  7	136.940	 -14.647
     C7M84	  7	138.610	 -10.970
     C7M85	  7	140.280	 -10.734
     C7M86	  7	141.950	 -14.889
     C7M87	  7	143.620	 -11.474
     C7M88	  7	145.290	  -9.110
     C7M89	  7	146.960	  -3.762
     C7M90	  7	148.630	  -2.735
     C7M91	  7	150.300	  -1.286
     C7M92	  7	151.970	   1.014
     C7M93	  7	153.640	   0.857
     C7M94	  7	155.310	  -1.491
     C7M95	  7	156.980	  -3.599
     C7M96	  7	158.650	  -7.851
     C7M97	  7	160.320	  -5.118
     C7M98	  7	161.990	  -9.857
     C7M99	  7	163.660	  -7.327
    C7M100	  7	165.330	  -4.137
    C7M101	  7	167.000	  -5.444
    C7M102	  7	168.670	  -5.534
    C7M103	  7	170.340	  -3.626
    C7M104	  7	172.010	  -5.918
    C7M105	  7	173.680	  -6.146
    C7M106	  7	175.350	  -4.537
    C7M107	  7	177.020	  -8.263
    C7M108	  7	178.690	  -6.032
    C7M109	  7	180.360	  -3.532
    C7M110	  7	182.030	  -3.509
    C7M111	  7	183.700	  -5.860
    C7M112	  7	185.370	  -5.886
    C7M113	  7	187.040	  -6.287
    C7M114	  7	188.710	  -3.799
    C7M115	  7	190.380	  -3.292
    C7M116	  7	192.050	  -3.731
    C7M117	  7	193.720	  -5.530
    C7M118	  7	195.390	  -5.629
    C7M119	  7	197.060	  -3.813
    C7M120	  7	198.730	  -7.086
    C7M121	  7	200.400	  -4.057
      C8M1	  8	  0.000	 -13.903
      C8M2	  8	  1.670	 -15.414
      C8M3	  8	  3.340	 -13.339
      C8M4	  8	  5.010	 -13.224
      C8M5	  8	  6.680	 -10.849
      C8M6	  8	  8.350	 -13.073
      C8M7	  8	 10.020	 -11.595
      C8M8	  8	 11.690	 -15.182
      C8M9	  8	 13.360	  -8.169
     C8M10	  8	 15.030	 -13.798
     C8M11	  8	 16.700	  -9.272
     C8M12	  8	 18.370	  -6.479
     C8M13	  8	 20.040	  -8.622
     C8M14	  8	 21.710	  -8.029
     C8M15	  8	 23.380	  -5.519
     C8M16	  8	 25.050	  -8.484
     C8M17	  8	 26.720	  -9.176
     C8M18	  8	 28.390	  -9.370
     C8M19	  8	 30.060	 -11.147
     C8M20	  8	 31.730	  -9.413
     C8M21	  8	 33.400	  -9.524
     C8M22	  8	 35.070	  -8.820
     C8M23	  8	 36.740	  -9.311
     C8M24	  8	 38.410	 -11.037
     C8M25	  8	 40.080	  -7.571
     C8M26	  8	 41.750	 -13.140
     C8M27	  8	 43.420	  -5.502
     C8M28	  8	 45.090	  -9.085
     C8M29	  8	 46.760	  -6.901
     C8M30	  8	 48.430	 -11.522
     C8M31	  8	 50.100	 -12.898
     C8M32	  8	 51.770	 -12.469
     C8M33	  8	 53.440	  -7.626
     C8M34	  8	 55.110	 -11.399
     C8M35	  8	 56.780	 -10.094
     C8M36	  8	 58.450	  -9.323
     C8M37	  8	 60.120	  -9.125
     C8M38	  8	 61.790	  -6.830
     C8M39	  8	 63.460	 -10.400
     C8M40	  8	 65.130	  -6.879
     C8M41	  8	 66.800	  -8.126
     C8M42	  8	 68.470	  -3.824
     C8M43	  8	 70.140	  -7.770
     C8M44	  8	 71.810	  -6.258
     C8M45	  8	 73.480	  -9.246
     C8M46	  8	 75.150	 -10.125
     C8M47	  8	 76.820	 -10.705
     C8M48	  8	 78.490	 -15.745
     C8M49	  8	 80.160	 -17.320
     C8M50	  8	 81.830	  -7.925
     C8M51	  8	 83.500	  -9.453
     C8M52	  8	 85.170	 -11.334
     C8M53	  8	 86.840	 -10.773
     C8M54	  8	 88.510	  -7.965
     C8M55	  8	 90.180	  -5.670
     C8M56	  8	 91.850	  -6.132
     C8M57	  8	 93.520	  -8.573
     C8M58	  8	 95.190	  -7.205
     C8M59	  8	 96.860	 -12.166
     C8M60	  8	 98.530	 -13.606
     C8M61	  8	100.200	  -5.987
     C8M62	  8	101.870	  -7.316
     C8M63	  8	103.540	  -5.408
     C8M64	  8	105.210	  -4.775
     C8M65	  8	106.880	  -1.835
     C8M66	  8	108.550	  -1.672
     C8M67	  8	110.220	  -4.100
     C8M68	  8	111.890	  -1.489
     C8M69	  8	113.560	   1.312
     C8M70	  8	115.230	  -1.512
     C8M71	  8	116.900	  -2.337
     C8M72	  8	118.570	  -6.445
     C8M73	  8	120.240	  -8.933
     C8M74	  8	121.910	  -6.985
     C8M75	  8	123.580	  -5.813
     C8M76	  8	125.250	  -8.029
     C8M77	  8	126.920	  -7.958
     C8M78	  8	128.590	  -7.944
     C8M79	  8	130.260	  -7.753
     C8M80	  8	131.930	  -7.763
     C8M81	  8	133.600	  -8.195
     C8M82	  8	135.270	 -10.328
     C8M83	  8	136.940	 -10.277
     C8M84	  8	138.610	 -11.786
     C8M85	  8	140.280	  -6.790
     C8M86	  8	141.950	  -8.729
     C8M87	  8	143.620	  -9.595
     C8M88	  8	145.290	 -12.984
     C8M89	  8	146.960	 -15.223
     C8M90	  8	148.630	 -13.428
     C8M91	  8	150.300	 -13.889
      C9M1	  9	  0.000	  -7.218
      C9M2	  9	  1.670	 -10.373
      C9M3	  9	  3.340	  -6.254
      C9M4	  9	  5.010	  -5.871
      C9M5	  9	  6.680	  -9.487
      C9M6	  9	  8.350	 -15.364
      C9M7	  9	 10.020	 -12.994
      C9M8	  9	 11.690	 -13.830
      C9M9	  9	 13.360	 -13.923
     C9M10	  9	 15.030	 -13.281
     C9M11	  9	 16.700	 -12.365
     C9M12	  9	 18.370	 -10.803
     C9M13	  9	 20.040	  -6.116
     C9M14	  9	 21.710	 -10.386
     C9M15	  9	 23.380	  -8.925
     C9M16	  9	 25.050	  -8.500
     C9M17	  9	 26.720	 -13.577
     C9M18	  9	 28.390	 -12.901
     C9M19	  9	 30.060	 -13.323
     C9M20	  9	 31.730	 -13.293
     C9M21	  9	 33.400	 -15.354
     C9M22	  9	 35.070	 -10.547
     C9M23	  9	 36.740	 -11.065
     C9M24	  9	 38.410	 -12.064
     C9M25	  9	 40.080	  -7.339
     C9M26	  9	 41.750	  -6.455
     C9M27	  9	 43.420	  -6.241
     C9M28	  9	 45.090	  -9.230
     C9M29	  9	 46.760	  -9.990
     C9M30	  9	 48.430	 -10.270
     C9M31	  9	 50.100	 -12.758
     C9M32	  9	 51.770	 -11.489
     C9M33	  9	 53.440	  -4.908
     C9M34	  9	 55.110	  -4.890
     C9M35	  9	 56.780	  -5.344
     C9M36	  9	 58.450	 -10.643
     C9M37	  9	 60.120	  -9.099
     C9M38	  9	 61.790	  -9.791
     C9M39	  9	 63.460	 -11.825
     C9M40	  9	 65.130	 -12.145
     C9M41	  9	 66.800	  -9.657
     C9M42	  9	 68.470	 -14.888
     C9M43	  9	 70.140	  -8.329
     C9M44	  9	 71.810	  -9.863
     C9M45	  9	 73.480	 -11.974
     C9M46	  9	 75.150	 -12.115
     C9M47	  9	 76.820	 -12.331
     C9M48	  9	 78.490	 -12.149
     C9M49	  9	 80.160	 -10.453
     C9M50	  9	 81.830	 -12.266
     C9M51	  9	 83.500	 -11.706
     C9M52	  9	 85.170	  -9.660
     C9M53	  9	 86.840	  -9.961
     C9M54	  9	 88.510	 -15.485
     C9M55	  9	 90.180	 -16.542
     C9M56	  9	 91.850	 -16.096
     C9M57	  9	 93.520	 -15.145
     C9M58	  9	 95.190	 -12.453
     C9M59	  9	 96.860	 -14.627
     C9M60	  9	 98.530	 -14.477
     C9M61	  9	100.200	  -9.899
     C9M62	  9	101.870	  -9.901
     C9M63	  9	103.540	 -11.886
     C9M64	  9	105.210	  -8.632
     C9M65	  9	106.880	 -15.551
     C9M66	  9	108.550	 -15.487
     C9M67	  9	110.220	 -12.135
     C9M68	  9	111.890	  -6.640
     C9M69	  9	113.560	  -4.425
     C9M70	  9	115.230	 -10.619
     C9M71	  9	116.900	  -6.017
     C9M72	  9	118.570	  -5.818
     C9M73	  9	120.240	  -5.997
     C9M74	  9	121.910	  -8.972
     C9M75	  9	123.580	 -10.426
     C9M76	  9	125.250	 -12.413
     C9M77	  9	126.920	 -14.987
     C9M78	  9	128.590	 -13.232
     C9M79	  9	130.260	 -13.530
     C9M80	  9	131.930	 -15.176
     C9M81	  9	133.600	 -12.614
     C9M82	  9	135.270	  -8.131
     C9M83	  9	136.940	 -15.021
     C9M84	  9	138.610	 -15.813
     C9M85	  9	140.280	 -15.381
     C9M86	  9	141.950	 -10.760
     C9M87	  9	143.620	 -10.841
     C9M88	  9	145.290	 -11.141
     C9M89	  9	146.960	  -9.357
     C9M90	  9	148.630	 -10.019
     C9M91	  9	150.300	  -5.050
     C10M1	 10	  0.000	 -11.535
     C10M2	 10	  1.670	 -15.303
     C10M3	 10	  3.340	 -12.525
     C10M4	 10	  5.010	 -12.189
     C10M5	 10	  6.680	 -10.298
     C10M6	 10	  8.350	 -12.737
     C10M7	 10	 10.020	  -6.245
     C10M8	 10	 11.690	  -7.797
     C10M9	 10	 13.360	 -10.543
    C10M10	 10	 15.030	 -10.911
    C10M11	 10	 16.700	  -8.909
    C10M12	 10	 18.370	  -8.028
    C10M13	 10	 20.040	  -5.999
    C10M14	 10	 21.710	 -10.652
    C10M15	 10	 23.380	  -8.427
    C10M16	 10	 25.050	 -10.218
    C10M17	 10	 26.720	  -5.531
    C10M18	 10	 28.390	  -5.424
    C10M19	 10	 30.060	  -9.498
    C10M20	 10	 31.730	  -9.196
    C10M21	 10	 33.400	  -5.213
    C10M22	 10	 35.070	  -7.356
    C10M23	 10	 36.740	  -5.953
    C10M24	 10	 38.410	 -11.230
    C10M25	 10	 40.080	  -6.064
    C10M26	 10	 41.750	 -10.095
    C10M27	 10	 43.420	 -10.700
    C10M28	 10	 45.090	 -12.107
    C10M29	 10	 46.760	 -14.299
    C10M30	 10	 48.430	 -11.905
    C10M31	 10	 50.100	 -11.002
    C10M32	 10	 51.770	  -7.220
    C10M33	 10	 53.440	  -8.582
    C10M34	 10	 55.110	  -8.778
    C10M35	 10	 56.780	  -9.103
    C10M36	 10	 58.450	  -9.201
    C10M37	 10	 60.120	 -12.717
    C10M38	 10	 61.790	 -12.930
    C10M39	 10	 63.460	 -13.284
    C10M40	 10	 65.130	 -16.405
    C10M41	 10	 66.800	 -14.118
    C10M42	 10	 68.470	 -16.109
    C10M43	 10	 70.140	 -14.101
    C10M44	 10	 71.810	 -13.243
    C10M45	 10	 73.480	 -12.441
    C10M46	 10	 75.150	 -11.107
    C10M47	 10	 76.820	 -13.527
    C10M48	 10	 78.490	 -15.843
    C10M49	 10	 80.160	 -15.585
    C10M50	 10	 81.830	 -13.336
    C10M51	 10	 83.500	 -15.480
    C10M52	 10	 85.170	 -10.917
    C10M53	 10	 86.840	  -8.327
    C10M54	 10	 88.510	 -13.216
    C10M55	 10	 90.180	 -14.912
    C10M56	 10	 91.850	 -10.027
    C10M57	 10	 93.520	  -9.604
    C10M58	 10	 95.190	  -8.832
    C10M59	 10	 96.860	  -7.603
    C10M60	 10	 98.530	  -5.634
    C10M61	 10	100.200	  -5.347
    C10M62	 10	101.870	  -7.727
    C10M63	 10	103.540	  -6.443
    C10M64	 10	105.210	  -8.057
    C10M65	 10	106.880	  -8.178
    C10M66	 10	108.550	 -11.232
    C10M67	 10	110.220	  -9.724
    C10M68	 10	111.890	  -8.567
    C10M69	 10	113.560	 -10.777
    C10M70	 10	115.230	  -7.122
    C10M71	 10	116.900	  -8.751
    C10M72	 10	118.570	 -12.227
    C10M73	 10	120.240	 -12.906
    C10M74	 10	121.910	  -7.341
    C10M75	 10	123.580	  -7.004
    C10M76	 10	125.250	  -7.570
    C10M77	 10	126.920	  -9.653
    C10M78	 10	128.590	  -6.225
    C10M79	 10	130.260	  -6.073
    C10M80	 10	131.930	  -6.655
    C10M81	 10	133.600	  -4.688
    C10M82	 10	135.270	  -8.469
    C10M83	 10	136.940	  -2.358
    C10M84	 10	138.610	  -5.622
    C10M85	 10	140.280	  -5.710
    C10M86	 10	141.950	  -4.277
    C10M87	 10	143.620	  -9.157
    C10M88	 10	145.290	 -13.089
    C10M89	 10	146.960	  -8.332
    C10M90	 10	148.630	  -4.179
    C10M91	 10	150.300	  -3.536
     C11M1	 11	  0.000	  -9.940
     C11M2	 11	  1.670	  -7.643
     C11M3	 11	  3.340	 -11.474
     C11M4	 11	  5.010	 -10.631
     C11M5	 11	  6.680	  -8.161
     C11M6	 11	  8.350	  -5.894
     C11M7	 11	 10.020	  -3.533
     C11M8	 11	 11.690	  -8.726
     C11M9	 11	 13.360	 -13.357
    C11M10	 11	 15.030	  -7.934
    C11M11	 11	 16.700	  -7.231
    C11M12	 11	 18.370	  -9.958
    C11M13	 11	 20.040	 -14.984
    C11M14	 11	 21.710	 -15.098
    C11M15	 11	 23.380	 -13.528
    C11M16	 11	 25.050	 -15.278
    C11M17	 11	 26.720	 -10.803
    C11M18	 11	 28.390	 -12.907
    C11M19	 11	 30.060	 -14.128
    C11M20	 11	 31.730	  -7.302
    C11M21	 11	 33.400	  -9.566
    C11M22	 11	 35.070	 -12.464
    C11M23	 11	 36.740	 -13.910
    C11M24	 11	 38.410	  -6.878
    C11M25	 11	 40.080	  -9.540
    C11M26	 11	 41.750	 -12.164
    C11M27	 11	 43.420	 -10.278
    C11M28	 11	 45.090	 -13.444
    C11M29	 11	 46.760	  -6.223
    C11M30	 11	 48.430	  -3.557
    C11M31	 11	 50.100	  -3.897
    C11M32	 11	 51.770	 -11.922
    C11M33	 11	 53.440	 -15.560
    C11M34	 11	 55.110	 -15.046
    C11M35	 11	 56.780	  -6.631
    C11M36	 11	 58.450	  -3.727
    C11M37	 11	 60.120	  -8.257
    C11M38	 11	 61.790	  -8.403
    C11M39	 11	 63.460	  -6.537
    C11M40	 11	 65.130	 -10.563
    C11M41	 11	 66.800	 -15.176
    C11M42	 11	 68.470	 -13.350
    C11M43	 11	 70.140	 -10.587
    C11M44	 11	 71.810	 -10.151
    C11M45	 11	 73.480	 -12.723
    C11M46	 11	 75.150	 -12.931
    C11M47	 11	 76.820	 -10.495
    C11M48	 11	 78.490	 -15.073
    C11M49	 11	 80.160	 -13.263
    C11M50	 11	 81.830	  -8.425
    C11M51	 11	 83.500	  -9.746
    C11M52	 11	 85.170	 -11.616
    C11M53	 11	 86.840	  -9.398
    C11M54	 11	 88.510	 -11.045
    C11M55	 11	 90.180	  -9.908
    C11M56	 11	 91.850	 -14.247
    C11M57	 11	 93.520	 -14.491
    C11M58	 11	 95.190	 -17.264
    C11M59	 11	 96.860	 -11.454
    C11M60	 11	 98.530	 -12.947
    C11M61	 11	100.200	 -10.112
    C11M62	 11	101.870	 -12.609
    C11M63	 11	103.540	 -11.508
    C11M64	 11	105.210	  -8.637
    C11M65	 11	106.880	  -6.019
    C11M66	 11	108.550	  -8.252
    C11M67	 11	110.220	 -10.938
    C11M68	 11	111.890	  -9.020
    C11M69	 11	113.560	  -6.640
    C11M70	 11	115.230	 -11.477
    C11M71	 11	116.900	 -12.513
    C11M72	 11	118.570	 -10.335
    C11M73	 11	120.240	  -9.421
    C11M74	 11	121.910	  -8.257
    C11M75	 11	123.580	  -8.008
    C11M76	 11	125.250	  -6.437
    C11M77	 11	126.920	 -11.132
    C11M78	 11	128.590	  -7.696
    C11M79	 11	130.260	  -5.677
    C11M80	 11	131.930	 -10.096
    C11M81	 11	133.600	  -9.854
    C11M82	 11	135.270	  -6.801
    C11M83	 11	136.940	  -1.312
    C11M84	 11	138.610	  -1.396
    C11M85	 11	140.280	  -8.216
    C11M86	 11	141.950	  -4.990
    C11M87	 11	143.620	  -7.351
    C11M88	 11	145.290	 -10.354
    C11M89	 11	146.960	 -10.561
    C11M90	 11	148.630	  -4.645
    C11M91	 11	150.300	  -6.122
     C12M1	 12	  0.000	  -9.494
     C12M2	 12	  1.670	  -5.684
     C12M3	 12	  3.340	  -7.030
     C12M4	 12	  5.010	  -4.578
     C12M5	 12	  6.680	  -4.685
     C12M6	 12	  8.350	  -9.060
     C12M7	 12	 10.020	  -4.422
     C12M8	 12	 11.690	  -6.908
     C12M9	 12	 13.360	  -4.318
    C12M10	 12	 15.030	  -4.496
    C12M11	 12	 16.700	  -9.964
    C12M12	 12	 18.370	  -9.303
    C12M13	 12	 20.040	 -11.846
    C12M14	 12	 21.710	  -8.002
    C12M15	 12	 23.380	  -7.941
    C12M16	 12	 25.050	 -10.508
    C12M17	 12	 26.720	  -8.374
    C12M18	 12	 28.390	  -7.679
    C12M19	 12	 30.060	  -7.753
    C12M20	 12	 31.730	  -7.111
    C12M21	 12	 33.400	  -2.144
    C12M22	 12	 35.070	  -6.898
    C12M23	 12	 36.740	  -7.378
    C12M24	 12	 38.410	  -9.210
    C12M25	 12	 40.080	  -4.873
    C12M26	 12	 41.750	  -7.099
    C12M27	 12	 43.420	  -7.938
    C12M28	 12	 45.090	  -8.621
    C12M29	 12	 46.760	  -8.762
    C12M30	 12	 48.430	  -1.297
    C12M31	 12	 50.100	  -5.397
    C12M32	 12	 51.770	  -2.952
    C12M33	 12	 53.440	  -0.517
    C12M34	 12	 55.110	  -3.056
    C12M35	 12	 56.780	  -6.012
    C12M36	 12	 58.450	  -7.086
    C12M37	 12	 60.120	 -12.461
    C12M38	 12	 61.790	 -10.506
    C12M39	 12	 63.460	 -11.449
    C12M40	 12	 65.130	  -4.513
    C12M41	 12	 66.800	 -10.302
    C12M42	 12	 68.470	  -6.501
    C12M43	 12	 70.140	  -8.000
    C12M44	 12	 71.810	  -6.194
    C12M45	 12	 73.480	  -9.419
    C12M46	 12	 75.150	  -9.303
    C12M47	 12	 76.820	 -10.764
    C12M48	 12	 78.490	  -8.462
    C12M49	 12	 80.160	 -12.111
    C12M50	 12	 81.830	 -11.935
    C12M51	 12	 83.500	 -11.804
    C12M52	 12	 85.170	  -8.325
    C12M53	 12	 86.840	 -12.992
    C12M54	 12	 88.510	 -15.351
    C12M55	 12	 90.180	 -10.787
    C12M56	 12	 91.850	 -11.073
    C12M57	 12	 93.520	 -15.207
    C12M58	 12	 95.190	 -15.700
    C12M59	 12	 96.860	 -10.583
    C12M60	 12	 98.530	  -9.951
    C12M61	 12	100.200	  -8.543
    C12M62	 12	101.870	  -6.468
    C12M63	 12	103.540	  -7.279
    C12M64	 12	105.210	  -6.752
    C12M65	 12	106.880	  -4.737
    C12M66	 12	108.550	  -4.660
    C12M67	 12	110.220	  -4.683
    C12M68	 12	111.890	  -5.343
    C12M69	 12	113.560	 -12.371
    C12M70	 12	115.230	  -8.634
    C12M71	 12	116.900	  -5.579
    C12M72	 12	118.570	  -4.374
    C12M73	 12	120.240	  -5.933
    C12M74	 12	121.910	 -13.047
    C12M75	 12	123.580	  -6.325
    C12M76	 12	125.250	 -14.051
    C12M77	 12	126.920	 -13.527
    C12M78	 12	128.590	  -8.543
    C12M79	 12	130.260	  -6.207
    C12M80	 12	131.930	  -7.898
    C12M81	 12	133.600	  -8.839
    C12M82	 12	135.270	  -9.158
    C12M83	 12	136.940	 -15.838
    C12M84	 12	138.610	 -10.588
    C12M85	 12	140.280	  -9.894
    C12M86	 12	141.950	  -9.441
    C12M87	 12	143.620	 -11.650
    C12M88	 12	145.290	  -9.522
    C12M89	 12	146.960	  -9.877
    C12M90	 12	148.630	 -13.482
    C12M91	 12	150.300	  -5.198
     C13M1	 13	  0.000	  -6.051
     C13M2	 13	  1.670	  -6.359
     C13M3	 13	  3.340	  -4.976
     C13M4	 13	  5.010	  -8.547
     C13M5	 13	  6.680	 -13.244
     C13M6	 13	  8.350	  -9.040
     C13M7	 13	 10.020	  -9.653
     C13M8	 13	 11.690	 -16.882
     C13M9	 13	 13.360	 -15.645
    C13M10	 13	 15.030	 -13.003
    C13M11	 13	 16.700	 -10.913
    C13M12	 13	 18.370	 -14.709
    C13M13	 13	 20.040	 -14.367
    C13M14	 13	 21.710	 -11.289
    C13M15	 13	 23.380	  -5.180
    C13M16	 13	 25.050	 -11.676
    C13M17	 13	 26.720	 -15.104
    C13M18	 13	 28.390	 -13.021
    C13M19	 13	 30.060	 -10.161
    C13M20	 13	 31.730	 -11.161
    C13M21	 13	 33.400	  -4.466
    C13M22	 13	 35.070	  -8.211
    C13M23	 13	 36.740	  -8.922
    C13M24	 13	 38.410	  -8.868
    C13M25	 13	 40.080	 -14.051
    C13M26	 13	 41.750	 -11.851
    C13M27	 13	 43.420	 -16.248
    C13M28	 13	 45.090	 -12.891
    C13M29	 13	 46.760	  -8.478
    C13M30	 13	 48.430	 -12.197
    C13M31	 13	 50.100	 -13.182
    C13M32	 13	 51.770	 -13.027
    C13M33	 13	 53.440	 -10.074
    C13M34	 13	 55.110	  -9.893
    C13M35	 13	 56.780	  -3.152
    C13M36	 13	 58.450	  -7.626
    C13M37	 13	 60.120	  -9.828
    C13M38	 13	 61.790	  -8.311
    C13M39	 13	 63.460	 -11.539
    C13M40	 13	 65.130	 -10.552
    C13M41	 13	 66.800	  -8.007
    C13M42	 13	 68.470	  -9.354
    C13M43	 13	 70.140	  -6.930
    C13M44	 13	 71.810	  -4.373
    C13M45	 13	 73.480	  -6.440
    C13M46	 13	 75.150	  -9.500
    C13M47	 13	 76.820	  -6.181
    C13M48	 13	 78.490	 -10.167
    C13M49	 13	 80.160	  -7.849
    C13M50	 13	 81.830	  -7.410
    C13M51	 13	 83.500	  -9.552
    C13M52	 13	 85.170	  -3.251
    C13M53	 13	 86.840	  -9.899
    C13M54	 13	 88.510	  -9.932
    C13M55	 13	 90.180	  -3.809
    C13M56	 13	 91.850	  -7.665
    C13M57	 13	 93.520	 -10.521
    C13M58	 13	 95.190	 -10.762
    C13M59	 13	 96.860	  -8.497
    C13M60	 13	 98.530	 -10.331
    C13M61	 13	100.200	  -6.476
     C14M1	 14	  0.000	  -7.316
     C14M2	 14	  1.670	  -8.433
     C14M3	 14	  3.340	  -9.204
     C14M4	 14	  5.010	 -12.809
     C14M5	 14	  6.680	 -17.096
     C14M6	 14	  8.350	  -9.891
     C14M7	 14	 10.020	 -15.278
     C14M8	 14	 11.690	 -11.436
     C14M9	 14	 13.360	 -12.960
    C14M10	 14	 15.030	 -15.834
    C14M11	 14	 16.700	 -12.742
    C14M12	 14	 18.370	 -11.768
    C14M13	 14	 20.040	 -12.157
    C14M14	 14	 21.710	  -9.349
    C14M15	 14	 23.380	 -10.870
    C14M16	 14	 25.050	  -8.146
    C14M17	 14	 26.720	  -4.998
    C14M18	 14	 28.390	  -2.463
    C14M19	 14	 30.060	  -9.884
    C14M20	 14	 31.730	 -11.395
    C14M21	 14	 33.400	 -11.419
    C14M22	 14	 35.070	  -9.809
    C14M23	 14	 36.740	 -11.893
    C14M24	 14	 38.410	 -11.617
    C14M25	 14	 40.080	 -10.138
    C14M26	 14	 41.750	 -11.642
    C14M27	 14	 43.420	  -9.602
    C14M28	 14	 45.090	 -10.157
    C14M29	 14	 46.760	 -14.692
    C14M30	 14	 48.430	 -12.272
    C14M31	 14	 50.100	 -12.295
    C14M32	 14	 51.770	 -14.609
    C14M33	 14	 53.440	  -8.715
    C14M34	 14	 55.110	 -13.643
    C14M35	 14	 56.780	  -7.607
    C14M36	 14	 58.450	  -8.893
    C14M37	 14	 60.120	  -8.871
    C14M38	 14	 61.790	  -4.895
    C14M39	 14	 63.460	 -10.873
    C14M40	 14	 65.130	  -9.804
    C14M41	 14	 66.800	 -11.904
    C14M42	 14	 68.470	 -11.488
    C14M43	 14	 70.140	  -4.540
    C14M44	 14	 71.810	  -8.826
    C14M45	 14	 73.480	 -10.845
    C14M46	 14	 75.150	  -9.131
    C14M47	 14	 76.820	  -7.012
    C14M48	 14	 78.490	  -9.569
    C14M49	 14	 80.160	 -11.225
    C14M50	 14	 81.830	  -9.052
    C14M51	 14	 83.500	  -9.136
    C14M52	 14	 85.170	  -6.127
    C14M53	 14	 86.840	  -8.132
    C14M54	 14	 88.510	 -10.508
    C14M55	 14	 90.180	  -8.295
    C14M56	 14	 91.850	 -10.015
    C14M57	 14	 93.520	  -8.765
    C14M58	 14	 95.190	  -7.791
    C14M59	 14	 96.860	  -5.610
    C14M60	 14	 98.530	  -7.998
    C14M61	 14	100.200	 -11.743
     C15M1	 15	  0.000	 -10.675
     C15M2	 15	  1.670	 -10.100
     C15M3	 15	  3.340	 -15.298
     C15M4	 15	  5.010	 -13.077
     C15M5	 15	  6.680	  -6.871
     C15M6	 15	  8.350	 -15.133
     C15M7	 15	 10.020	 -14.246
     C15M8	 15	 11.690	 -10.985
     C15M9	 15	 13.360	 -15.437
    C15M10	 15	 15.030	 -13.209
    C15M11	 15	 16.700	 -10.494
    C15M12	 15	 18.370	  -8.846
    C15M13	 15	 20.040	 -15.559
    C15M14	 15	 21.710	 -15.613
    C15M15	 15	 23.380	 -10.972
    C15M16	 15	 25.050	  -8.371
    C15M17	 15	 26.720	 -12.909
    C15M18	 15	 28.390	 -12.938
    C15M19	 15	 30.060	 -11.155
    C15M20	 15	 31.730	 -15.324
    C15M21	 15	 33.400	 -15.557
    C15M22	 15	 35.070	 -12.046
    C15M23	 15	 36.740	 -11.449
    C15M24	 15	 38.410	 -11.044
    C15M25	 15	 40.080	  -8.738
    C15M26	 15	 41.750	  -9.956
    C15M27	 15	 43.420	  -7.485
    C15M28	 15	 45.090	  -4.657
    C15M29	 15	 46.760	  -4.688
    C15M30	 15	 48.430	  -7.746
    C15M31	 15	 50.100	  -9.400
    C15M32	 15	 51.770	  -9.231
    C15M33	 15	 53.440	  -8.966
    C15M34	 15	 55.110	  -6.594
    C15M35	 15	 56.780	  -7.023
    C15M36	 15	 58.450	  -4.501
    C15M37	 15	 60.120	  -5.395
    C15M38	 15	 61.790	 -12.213
    C15M39	 15	 63.460	  -9.689
    C15M40	 15	 65.130	 -11.122
    C15M41	 15	 66.800	 -11.708
    C15M42	 15	 68.470	 -11.018
    C15M43	 15	 70.140	 -12.784
    C15M44	 15	 71.810	 -15.182
    C15M45	 15	 73.480	 -10.384
    C15M46	 15	 75.150	 -10.034
    C15M47	 15	 76.820	 -11.938
    C15M48	 15	 78.490	  -8.042
    C15M49	 15	 80.160	 -14.609
    C15M50	 15	 81.830	 -13.559
    C15M51	 15	 83.500	 -14.111
    C15M52	 15	 85.170	 -15.877
    C15M53	 15	 86.840	 -16.394
    C15M54	 15	 88.510	 -15.145
    C15M55	 15	 90.180	  -8.981
    C15M56	 15	 91.850	  -8.043
    C15M57	 15	 93.520	  -4.754
    C15M58	 15	 95.190	  -4.318
    C15M59	 15	 96.860	  -8.175
    C15M60	 15	 98.530	  -3.175
    C15M61	 15	100.200	  -0.033
     C16M1	 16	  0.000	  -8.442
     C16M2	 16	  1.670	  -4.747
     C16M3	 16	  3.340	  -4.801
     C16M4	 16	  5.010	  -9.477
     C16M5	 16	  6.680	  -6.889
     C16M6	 16	  8.350	 -11.431
     C16M7	 16	 10.020	 -12.002
     C16M8	 16	 11.690	  -6.068
     C16M9	 16	 13.360	 -11.011
    C16M10	 16	 15.030	 -10.319
    C16M11	 16	 16.700	  -6.172
    C16M12	 16	 18.370	  -8.109
    C16M13	 16	 20.040	 -10.106
    C16M14	 16	 21.710	  -5.286
    C16M15	 16	 23.380	  -5.279
    C16M16	 16	 25.050	  -6.895
    C16M17	 16	 26.720	  -4.719
    C16M18	 16	 28.390	  -6.938
    C16M19	 16	 30.060	  -4.304
    C16M20	 16	 31.730	  -3.460
    C16M21	 16	 33.400	  -6.250
    C16M22	 16	 35.070	  -4.853
    C16M23	 16	 36.740	  -5.892
    C16M24	 16	 38.410	  -3.788
    C16M25	 16	 40.080	  -7.007
    C16M26	 16	 41.750	  -8.208
    C16M27	 16	 43.420	  -8.256
    C16M28	 16	 45.090	  -8.723
    C16M29	 16	 46.760	  -9.667
    C16M30	 16	 48.430	  -3.422
    C16M31	 16	 50.100	  -3.487
    C16M32	 16	 51.770	  -3.891
    C16M33	 16	 53.440	  -9.527
    C16M34	 16	 55.110	  -8.779
    C16M35	 16	 56.780	 -13.021
    C16M36	 16	 58.450	  -8.890
    C16M37	 16	 60.120	 -10.637
    C16M38	 16	 61.790	 -13.249
    C16M39	 16	 63.460	 -10.526
    C16M40	 16	 65.130	  -5.537
    C16M41	 16	 66.800	  -7.288
    C16M42	 16	 68.470	  -6.891
    C16M43	 16	 70.140	  -2.694
    C16M44	 16	 71.810	  -7.985
    C16M45	 16	 73.480	 -12.245
    C16M46	 16	 75.150	  -2.914
    C16M47	 16	 76.820	  -3.073
    C16M48	 16	 78.490	 -11.978
    C16M49	 16	 80.160	  -8.389
    C16M50	 16	 81.830	  -9.475
    C16M51	 16	 83.500	 -11.622
    C16M52	 16	 85.170	 -10.612
    C16M53	 16	 86.840	  -6.083
    C16M54	 16	 88.510	  -5.895
    C16M55	 16	 90.180	  -7.423
    C16M56	 16	 91.850	  -7.065
    C16M57	 16	 93.520	  -3.292
    C16M58	 16	 95.190	  -3.063
    C16M59	 16	 96.860	  -2.294
    C16M60	 16	 98.530	  -7.299
    C16M61	 16	100.200	 -11.660
     C17M1	 17	  0.000	 -13.432
     C17M2	 17	  1.670	  -9.561
     C17M3	 17	  3.340	  -9.745
     C17M4	 17	  5.010	  -9.551
     C17M5	 17	  6.680	 -10.067
     C17M6	 17	  8.350	 -11.034
     C17M7	 17	 10.020	 -15.434
     C17M8	 17	 11.690	 -15.940
     C17M9	 17	 13.360	 -17.558
    C17M10	 17	 15.030	  -6.793
    C17M11	 17	 16.700	 -14.649
    C17M12	 17	 18.370	 -12.550
    C17M13	 17	 20.040	 -10.850
    C17M14	 17	 21.710	  -9.609
    C17M15	 17	 23.380	  -2.795
    C17M16	 17	 25.050	  -4.434
    C17M17	 17	 26.720	  -4.445
    C17M18	 17	 28.390	  -7.531
    C17M19	 17	 30.060	  -8.304
    C17M20	 17	 31.730	  -5.549
    C17M21	 17	 33.400	 -10.570
    C17M22	 17	 35.070	 -10.415
    C17M23	 17	 36.740	  -6.100
    C17M24	 17	 38.410	  -8.894
    C17M25	 17	 40.080	 -13.104
    C17M26	 17	 41.750	 -15.355
    C17M27	 17	 43.420	  -9.224
    C17M28	 17	 45.090	 -15.920
    C17M29	 17	 46.760	 -15.443
    C17M30	 17	 48.430	 -12.481
    C17M31	 17	 50.100	 -14.061
    C17M32	 17	 51.770	  -6.343
    C17M33	 17	 53.440	  -6.195
    C17M34	 17	 55.110	  -7.849
    C17M35	 17	 56.780	  -5.399
    C17M36	 17	 58.450	  -1.606
    C17M37	 17	 60.120	  -5.988
    C17M38	 17	 61.790	  -7.362
    C17M39	 17	 63.460	  -7.300
    C17M40	 17	 65.130	  -6.938
    C17M41	 17	 66.800	  -3.837
    C17M42	 17	 68.470	  -7.944
    C17M43	 17	 70.140	  -9.829
    C17M44	 17	 71.810	  -6.252
    C17M45	 17	 73.480	  -7.798
    C17M46	 17	 75.150	  -7.854
    C17M47	 17	 76.820	 -10.369
    C17M48	 17	 78.490	  -6.991
    C17M49	 17	 80.160	  -7.883
    C17M50	 17	 81.830	  -8.043
    C17M51	 17	 83.500	 -10.101
    C17M52	 17	 85.170	  -5.588
    C17M53	 17	 86.840	  -7.624
    C17M54	 17	 88.510	  -7.979
    C17M55	 17	 90.180	  -5.602
    C17M56	 17	 91.850	  -8.065
    C17M57	 17	 93.520	  -9.098
    C17M58	 17	 95.190	 -11.239
    C17M59	 17	 96.860	 -12.471
    C17M60	 17	 98.530	  -5.903
    C17M61	 17	100.200	  -1.658
     C18M1	 18	  0.000	 -11.327
     C18M2	 18	  1.670	 -14.539
     C18M3	 18	  3.340	 -12.974
     C18M4	 18	  5.010	 -11.141
     C18M5	 18	  6.680	  -8.188
     C18M6	 18	  8.350	  -5.731
     C18M7	 18	 10.020	 -10.415
     C18M8	 18	 11.690	 -10.832
     C18M9	 18	 13.360	  -8.725
    C18M10	 18	 15.030	  -8.687
    C18M11	 18	 16.700	 -10.950
    C18M12	 18	 18.370	  -3.534
    C18M13	 18	 20.040	  -3.110
    C18M14	 18	 21.710	  -3.472
    C18M15	 18	 23.380	  -5.811
    C18M16	 18	 25.050	  -5.821
    C18M17	 18	 26.720	  -3.878
    C18M18	 18	 28.390	  -3.648
    C18M19	 18	 30.060	  -3.176
    C18M20	 18	 31.730	  -6.149
    C18M21	 18	 33.400	  -7.360
    C18M22	 18	 35.070	  -7.010
    C18M23	 18	 36.740	 -11.281
    C18M24	 18	 38.410	  -9.237
    C18M25	 18	 40.080	 -13.773
    C18M26	 18	 41.750	  -9.180
    C18M27	 18	 43.420	 -11.828
    C18M28	 18	 45.090	 -11.705
    C18M29	 18	 46.760	  -7.595
    C18M30	 18	 48.430	 -10.957
    C18M31	 18	 50.100	  -3.939
    C18M32	 18	 51.770	  -8.693
    C18M33	 18	 53.440	 -10.399
    C18M34	 18	 55.110	 -17.908
    C18M35	 18	 56.780	 -17.940
    C18M36	 18	 58.450	 -10.191
    C18M37	 18	 60.120	  -8.467
    C18M38	 18	 61.790	 -15.152
    C18M39	 18	 63.460	 -12.797
    C18M40	 18	 65.130	 -12.514
    C18M41	 18	 66.800	  -7.551
    C18M42	 18	 68.470	  -9.419
    C18M43	 18	 70.140	  -7.641
    C18M44	 18	 71.810	 -12.012
    C18M45	 18	 73.480	 -14.685
    C18M46	 18	 75.150	 -10.115
    C18M47	 18	 76.820	  -9.458
    C18M48	 18	 78.490	 -12.118
    C18M49	 18	 80.160	 -10.287
    C18M50	 18	 81.830	  -9.646
    C18M51	 18	 83.500	 -12.622
    C18M52	 18	 85.170	 -10.606
    C18M53	 18	 86.840	 -15.151
    C18M54	 18	 88.510	 -11.095
    C18M55	 18	 90.180	  -8.826
    C18M56	 18	 91.850	  -8.530
    C18M57	 18	 93.520	  -6.733
    C18M58	 18	 95.190	  -3.777
    C18M59	 18	 96.860	  -3.320
    C18M60	 18	 98.530	  -1.944
    C18M61	 18	100.200	   0.154
     C19M1	 19	  0.000	  -7.340
     C19M2	 19	  1.670	 -10.901
     C19M3	 19	  3.340	  -9.682
     C19M4	 19	  5.010	 -11.591
     C19M5	 19	  6.680	 -11.141
     C19M6	 19	  8.350	  -4.789
     C19M7	 19	 10.020	  -8.834
     C19M8	 19	 11.690	  -8.237
     C19M9	 19	 13.360	  -8.395
    C19M10	 19	 15.030	  -6.051
    C19M11	 19	 16.700	  -6.180
    C19M12	 19	 18.370	  -6.915
    C19M13	 19	 20.040	  -4.890
    C19M14	 19	 21.710	  -8.402
    C19M15	 19	 23.380	 -12.469
    C19M16	 19	 25.050	  -8.510
    C19M17	 19	 26.720	  -3.512
    C19M18	 19	 28.390	  -9.530
    C19M19	 19	 30.060	  -5.989
    C19M20	 19	 31.730	  -5.323
    C19M21	 19	 33.400	 -10.256
    C19M22	 19	 35.070	 -11.729
    C19M23	 19	 36.740	 -11.281
    C19M24	 19	 38.410	 -14.767
    C19M25	 19	 40.080	 -13.922
    C19M26	 19	 41.750	 -15.797
    C19M27	 19	 43.420	 -10.892
    C19M28	 19	 45.090	 -10.832
    C19M29	 19	 46.760	 -10.173
    C19M30	 19	 48.430	 -13.691
    C19M31	 19	 50.100	 -11.008
    C19M32	 19	 51.770	  -7.048
    C19M33	 19	 53.440	  -8.212
    C19M34	 19	 55.110	 -11.271
    C19M35	 19	 56.780	 -13.645
    C19M36	 19	 58.450	  -9.484
    C19M37	 19	 60.120	 -10.290
    C19M38	 19	 61.790	 -12.668
    C19M39	 19	 63.460	 -12.516
    C19M40	 19	 65.130	  -9.761
    C19M41	 19	 66.800	  -7.886
    C19M42	 19	 68.470	  -9.515
    C19M43	 19	 70.140	 -12.264
    C19M44	 19	 71.810	 -11.874
    C19M45	 19	 73.480	 -13.798
    C19M46	 19	 75.150	  -5.913
    C19M47	 19	 76.820	  -5.195
    C19M48	 19	 78.490	  -3.801
    C19M49	 19	 80.160	  -3.685
    C19M50	 19	 81.830	  -9.416
    C19M51	 19	 83.500	 -10.126
    C19M52	 19	 85.170	  -6.348
    C19M53	 19	 86.840	 -10.752
    C19M54	 19	 88.510	 -13.397
    C19M55	 19	 90.180	 -13.293
    C19M56	 19	 91.850	  -6.422
    C19M57	 19	 93.520	  -5.570
    C19M58	 19	 95.190	  -7.919
    C19M59	 19	 96.860	  -3.553
    C19M60	 19	 98.530	  -3.335
    C19M61	 19	100.200	  -4.875
     C20M1	 20	  0.000	  -6.788
     C20M2	 20	  1.670	  -5.952
     C20M3	 20	  3.340	  -9.345
     C20M4	 20	  5.010	 -12.102
     C20M5	 20	  6.680	 -13.761
     C20M6	 20	  8.350	 -10.555
     C20M7	 20	 10.020	 -10.933
     C20M8	 20	 11.690	 -11.953
     C20M9	 20	 13.360	  -8.867
    C20M10	 20	 15.030	  -6.104
    C20M11	 20	 16.700	  -8.467
    C20M12	 20	 18.370	  -8.917
    C20M13	 20	 20.040	  -8.869
    C20M14	 20	 21.710	 -10.812
    C20M15	 20	 23.380	  -9.053
    C20M16	 20	 25.050	 -11.918
    C20M17	 20	 26.720	 -15.078
    C20M18	 20	 28.390	 -15.190
    C20M19	 20	 30.060	 -13.350
    C20M20	 20	 31.730	 -15.610
    C20M21	 20	 33.400	  -9.203
    C20M22	 20	 35.070	 -11.943
    C20M23	 20	 36.740	 -11.366
    C20M24	 20	 38.410	  -4.229
    C20M25	 20	 40.080	 -10.404
    C20M26	 20	 41.750	 -10.560
    C20M27	 20	 43.420	  -6.878
    C20M28	 20	 45.090	  -3.244
    C20M29	 20	 46.760	  -0.586
    C20M30	 20	 48.430	  -2.794
    C20M31	 20	 50.100	  -6.011
    C20M32	 20	 51.770	  -9.238
    C20M33	 20	 53.440	  -6.362
    C20M34	 20	 55.110	 -10.237
    C20M35	 20	 56.780	  -5.246
    C20M36	 20	 58.450	  -4.607
    C20M37	 20	 60.120	  -5.387
    C20M38	 20	 61.790	 -10.080
    C20M39	 20	 63.460	  -7.972
    C20M40	 20	 65.130	  -5.987
    C20M41	 20	 66.800	 -11.621
    C20M42	 20	 68.470	  -8.807
    C20M43	 20	 70.140	 -11.784
    C20M44	 20	 71.810	 -11.939
    C20M45	 20	 73.480	 -14.728
    C20M46	 20	 75.150	 -11.926
    C20M47	 20	 76.820	  -8.239
    C20M48	 20	 78.490	  -7.719
    C20M49	 20	 80.160	  -7.808
    C20M50	 20	 81.830	  -5.918
    C20M51	 20	 83.500	  -5.658
    C20M52	 20	 85.170	 -12.358
    C20M53	 20	 86.840	  -8.417
    C20M54	 20	 88.510	  -5.223
    C20M55	 20	 90.180	  -5.445
    C20M56	 20	 91.850	 -12.594
    C20M57	 20	 93.520	  -7.233
    C20M58	 20	 95.190	 -10.250
    C20M59	 20	 96.860	  -9.852
    C20M60	 20	 98.530	  -7.135
    C20M61	 20	100.200	  -3.752
     C21M1	 21	  0.000	  -6.084
     C21M2	 21	  1.670	  -8.613
     C21M3	 21	  3.340	  -2.200
     C21M4	 21	  5.010	  -5.084
     C21M5	 21	  6.680	  -0.467
     C21M6	 21	  8.350	  -4.822
     C21M7	 21	 10.020	  -2.211
     C21M8	 21	 11.690	  -6.598
     C21M9	 21	 13.360	  -4.721
    C21M10	 21	 15.030	  -8.260
    C21M11	 21	 16.700	  -9.647
    C21M12	 21	 18.370	  -6.056
    C21M13	 21	 20.040	 -10.618
    C21M14	 21	 21.710	  -4.596
    C21M15	 21	 23.380	 -11.369
    C21M16	 21	 25.050	 -10.322
    C21M17	 21	 26.720	 -17.000
    C21M18	 21	 28.390	 -12.550
    C21M19	 21	 30.060	  -9.153
    C21M20	 21	 31.730	 -10.542
    C21M21	 21	 33.400	  -6.057
    C21M22	 21	 35.070	  -7.789
    C21M23	 21	 36.740	  -5.473
    C21M24	 21	 38.410	  -7.982
    C21M25	 21	 40.080	 -10.360
    C21M26	 21	 41.750	  -8.006
    C21M27	 21	 43.420	  -8.344
    C21M28	 21	 45.090	 -10.630
    C21M29	 21	 46.760	  -5.610
    C21M30	 21	 48.430	 -11.930
    C21M31	 21	 50.100	 -12.831
     C22M1	 22	  0.000	 -13.065
     C22M2	 22	  1.670	 -11.545
     C22M3	 22	  3.340	  -9.415
     C22M4	 22	  5.010	  -9.861
     C22M5	 22	  6.680	 -17.485
     C22M6	 22	  8.350	 -18.224
     C22M7	 22	 10.020	  -9.664
     C22M8	 22	 11.690	 -13.347
     C22M9	 22	 13.360	 -13.825
    C22M10	 22	 15.030	 -14.130
    C22M11	 22	 16.700	  -8.227
    C22M12	 22	 18.370	  -5.976
    C22M13	 22	 20.040	  -9.296
    C22M14	 22	 21.710	  -5.116
    C22M15	 22	 23.380	  -4.983
    C22M16	 22	 25.050	  -7.612
    C22M17	 22	 26.720	  -7.957
    C22M18	 22	 28.390	  -6.829
    C22M19	 22	 30.060	  -4.387
    C22M20	 22	 31.730	  -4.814
    C22M21	 22	 33.400	  -8.464
    C22M22	 22	 35.070	 -11.169
    C22M23	 22	 36.740	  -9.420
    C22M24	 22	 38.410	  -9.451
    C22M25	 22	 40.080	 -13.453
    C22M26	 22	 41.750	 -14.868
    C22M27	 22	 43.420	  -7.851
    C22M28	 22	 45.090	 -11.003
    C22M29	 22	 46.760	  -8.869
    C22M30	 22	 48.430	  -9.516
    C22M31	 22	 50.100	  -4.713
